TN:
SF:lib/app_configurator.dart
FNF:0
FNH:0
DA:13,2
DA:16,0
DA:20,0
DA:21,0
DA:27,0
DA:29,0
DA:30,0
DA:31,0
DA:34,0
DA:36,0
DA:37,0
DA:39,0
DA:42,0
DA:43,0
DA:46,0
DA:48,0
DA:50,0
DA:51,0
DA:57,0
DA:58,0
DA:67,0
DA:68,0
DA:69,0
DA:70,0
DA:71,0
DA:72,0
DA:73,0
DA:76,0
DA:82,0
DA:84,0
DA:85,0
LF:31
LH:1
end_of_record
TN:
SF:lib/app_widget.dart
FNF:0
FNH:0
DA:13,2
DA:15,0
DA:16,0
DA:22,0
DA:25,0
DA:26,0
DA:29,0
DA:31,0
DA:32,0
DA:33,0
DA:34,0
DA:35,0
DA:36,0
DA:37,0
DA:40,0
DA:46,0
LF:16
LH:1
end_of_record
TN:
SF:lib/data/alan/actions/import_alan_account.dart
FNF:0
FNH:0
DA:14,0
DA:21,0
DA:22,0
DA:24,0
DA:26,0
DA:27,0
DA:28,0
DA:29,0
DA:30,0
DA:31,0
DA:33,0
DA:35,0
DA:37,0
DA:39,0
DA:40,0
DA:41,0
DA:42,0
DA:43,0
DA:44,0
DA:45,0
DA:46,0
DA:48,0
DA:49,0
DA:51,0
LF:24
LH:0
end_of_record
TN:
SF:lib/data/alan/alan_transaction.dart
FNF:0
FNH:0
DA:6,0
DA:7,0
DA:8,0
DA:9,0
DA:10,0
DA:11,0
DA:14,0
DA:15,0
DA:17,0
LF:9
LH:0
end_of_record
TN:
SF:lib/data/alan/messages/alan_msg_send.dart
FNF:0
FNH:0
DA:7,0
DA:8,0
DA:9,0
DA:10,0
DA:11,0
DA:12,0
DA:13,0
DA:14,0
LF:8
LH:0
end_of_record
TN:
SF:lib/data/api_calls/account_api.dart
FNF:0
FNH:0
DA:25,0
DA:26,0
DA:27,0
DA:28,0
LF:4
LH:0
end_of_record
TN:
SF:lib/data/api_calls/cosmos_account_api.dart
FNF:0
FNH:0
DA:22,3
DA:27,0
DA:31,0
DA:32,0
DA:34,0
DA:38,0
DA:41,0
DA:45,0
DA:47,0
DA:49,0
DA:51,0
DA:53,0
DA:54,0
DA:55,0
DA:58,0
DA:59,0
DA:63,0
DA:64,0
DA:65,0
DA:66,0
DA:70,0
DA:71,0
DA:72,0
DA:75,0
LF:24
LH:1
end_of_record
TN:
SF:lib/data/api_calls/ethereum_account_api.dart
FNF:0
FNH:0
DA:23,3
DA:29,0
DA:32,0
DA:36,0
DA:39,0
DA:42,0
DA:45,0
DA:49,0
DA:51,0
DA:53,0
DA:55,0
DA:57,0
DA:58,0
DA:60,0
DA:61,0
DA:62,0
DA:66,0
DA:67,0
DA:68,0
LF:19
LH:1
end_of_record
TN:
SF:lib/data/api_calls/faucet_api.dart
FNF:0
FNH:0
DA:7,1
DA:8,1
DA:9,3
DA:11,1
DA:12,1
DA:17,3
LF:6
LH:6
end_of_record
TN:
SF:lib/data/blockchain/rest_api_blockchain_metadata_repository.dart
FNF:0
FNH:0
DA:19,1
DA:24,0
DA:25,0
DA:26,0
DA:27,0
DA:28,0
DA:31,0
DA:32,0
DA:33,0
DA:34,0
DA:35,0
DA:38,0
DA:42,0
DA:43,0
DA:44,0
DA:45,0
DA:46,0
DA:49,0
DA:50,0
DA:51,0
DA:52,0
LF:21
LH:1
end_of_record
TN:
SF:lib/data/chains/rest_api_chains_repository.dart
FNF:0
FNH:0
DA:11,0
DA:16,0
DA:17,0
DA:18,0
DA:19,0
DA:20,0
DA:23,0
DA:24,0
DA:25,0
DA:26,0
DA:27,0
LF:11
LH:0
end_of_record
TN:
SF:lib/data/cosmos/cosmos_auth_repository.dart
FNF:0
FNH:0
DA:11,0
DA:20,0
DA:21,0
DA:23,0
DA:27,0
DA:30,0
DA:32,0
DA:34,0
DA:35,0
DA:36,0
DA:40,0
DA:41,0
DA:45,0
DA:48,0
DA:50,0
DA:52,0
DA:53,0
DA:54,0
DA:56,0
DA:58,0
LF:20
LH:0
end_of_record
TN:
SF:lib/data/emeris/emeris_accounts_repository.dart
FNF:0
FNH:0
DA:25,3
DA:31,0
DA:32,0
DA:33,0
DA:34,0
DA:35,0
DA:36,0
DA:43,0
DA:44,0
DA:45,0
DA:46,0
DA:47,0
DA:48,0
DA:50,0
DA:51,0
DA:52,0
DA:53,0
DA:59,0
DA:60,0
DA:61,0
DA:62,0
DA:63,0
DA:64,0
DA:65,0
DA:68,0
DA:69,0
DA:71,0
DA:72,0
DA:73,0
DA:74,0
DA:78,0
DA:79,0
DA:80,0
DA:81,0
DA:84,0
DA:85,0
DA:88,0
DA:89,0
DA:92,0
DA:97,0
DA:98,0
DA:99,0
DA:100,0
DA:101,0
DA:103,0
DA:104,0
DA:106,0
DA:107,0
DA:108,0
DA:112,0
DA:113,0
DA:114,0
DA:117,0
DA:122,0
DA:124,0
DA:125,0
DA:126,0
DA:127,0
DA:128,0
DA:130,0
DA:131,0
DA:133,0
DA:134,0
DA:139,0
DA:143,0
DA:144,0
DA:145,0
DA:146,0
DA:147,0
DA:149,0
DA:150,0
DA:151,0
DA:152,0
DA:156,0
DA:157,0
DA:159,0
DA:160,0
DA:161,0
DA:162,0
DA:164,0
DA:166,0
DA:167,0
DA:169,0
DA:175,0
DA:176,0
DA:177,0
DA:178,0
DA:182,0
DA:183,0
DA:184,0
DA:185,0
DA:186,0
DA:187,0
DA:189,0
DA:190,0
DA:192,0
LF:96
LH:1
end_of_record
TN:
SF:lib/data/emeris/emeris_bank_repository.dart
FNF:0
FNH:0
DA:17,1
DA:23,0
DA:26,0
DA:27,0
DA:28,0
DA:29,0
DA:30,0
DA:31,0
DA:32,0
DA:33,0
DA:34,0
DA:36,0
DA:38,0
DA:39,0
DA:40,0
DA:41,0
DA:48,0
DA:49,0
DA:50,0
DA:51,0
DA:52,0
DA:53,0
LF:22
LH:1
end_of_record
TN:
SF:lib/data/emeris/emeris_transactions_repository.dart
FNF:0
FNH:0
DA:10,1
DA:14,0
DA:19,0
DA:23,0
DA:24,0
DA:25,0
LF:6
LH:1
end_of_record
TN:
SF:lib/data/ethereum/actions/broadcast_ethereum_transaction.dart
FNF:0
FNH:0
DA:9,0
DA:14,0
DA:15,0
DA:17,0
DA:18,0
DA:19,0
DA:23,0
DA:24,0
LF:8
LH:0
end_of_record
TN:
SF:lib/data/ethereum/actions/get_ethereum_balances.dart
FNF:0
FNH:0
DA:11,0
DA:16,0
DA:17,0
DA:20,0
DA:21,0
DA:22,0
DA:23,0
DA:24,0
DA:28,0
DA:32,0
DA:33,0
LF:11
LH:0
end_of_record
TN:
SF:lib/data/ethereum/actions/import_ethereum_account.dart
FNF:0
FNH:0
DA:19,0
DA:23,0
DA:25,0
DA:27,0
DA:28,0
DA:29,0
DA:31,0
DA:32,0
DA:34,0
DA:35,0
DA:36,0
DA:37,0
DA:38,0
DA:39,0
DA:40,0
DA:42,0
DA:45,0
DA:47,0
DA:50,0
DA:51,0
DA:52,0
DA:53,0
DA:54,0
DA:55,0
DA:56,0
DA:57,0
DA:59,0
DA:60,0
DA:62,0
LF:29
LH:0
end_of_record
TN:
SF:lib/data/ethereum/ethereum_credentials_serializer.dart
FNF:0
FNH:0
DA:19,0
DA:22,0
DA:23,0
DA:24,0
DA:25,0
DA:26,0
DA:27,0
DA:28,0
DA:30,0
DA:31,0
DA:32,0
DA:36,0
DA:37,0
DA:41,0
DA:44,0
DA:46,0
DA:47,0
DA:48,0
DA:49,0
DA:53,0
DA:54,0
DA:55,0
DA:56,0
DA:57,0
DA:58,0
DA:59,0
DA:60,0
LF:27
LH:0
end_of_record
TN:
SF:lib/data/ethereum/ethereum_pagination.dart
FNF:0
FNH:0
DA:4,0
LF:1
LH:0
end_of_record
TN:
SF:lib/data/ethereum/ethereum_private_account_credentials.dart
FNF:0
FNH:0
DA:6,0
DA:13,0
DA:25,0
LF:3
LH:0
end_of_record
TN:
SF:lib/data/ethereum/ethereum_transaction.dart
FNF:0
FNH:0
DA:10,0
DA:14,0
DA:15,0
DA:16,0
DA:17,0
DA:18,0
DA:19,0
DA:20,0
DA:21,0
DA:23,0
DA:25,0
DA:34,0
LF:12
LH:0
end_of_record
TN:
SF:lib/data/ethereum/ethereum_transaction_signer.dart
FNF:0
FNH:0
DA:13,3
DA:17,0
DA:18,0
DA:21,0
DA:25,0
DA:26,0
DA:28,0
DA:29,0
DA:30,0
DA:35,0
DA:36,0
DA:37,0
DA:39,0
DA:41,0
DA:42,0
DA:48,0
DA:52,0
DA:55,0
DA:57,0
LF:19
LH:1
end_of_record
TN:
SF:lib/data/extensions/bar_code_result.dart
FNF:0
FNH:0
DA:5,0
LF:1
LH:0
end_of_record
TN:
SF:lib/data/extensions/transaction_hash.dart
FNF:0
FNH:0
DA:5,0
LF:1
LH:0
end_of_record
TN:
SF:lib/data/extensions/transaction_response.dart
FNF:0
FNH:0
DA:6,0
LF:1
LH:0
end_of_record
TN:
SF:lib/data/http/dio_builder.dart
FNF:0
FNH:0
DA:5,1
DA:9,2
DA:10,1
DA:11,2
LF:4
LH:4
end_of_record
TN:
SF:lib/data/http/http_failure.dart
FNF:0
FNH:0
DA:3,20
DA:12,0
DA:19,0
DA:26,0
DA:33,0
DA:40,0
DA:47,0
DA:49,0
DA:50,0
DA:51,0
DA:59,0
DA:61,0
LF:12
LH:1
end_of_record
TN:
SF:lib/data/http/http_service.dart
FNF:0
FNH:0
DA:12,1
DA:16,0
DA:18,0
DA:20,0
DA:22,0
DA:26,0
DA:40,0
DA:41,0
DA:45,0
DA:46,0
DA:50,0
DA:56,0
DA:58,0
DA:60,0
DA:64,0
DA:70,0
DA:72,0
DA:74,0
DA:78,0
DA:79,0
DA:81,0
DA:82,0
DA:83,0
DA:85,0
DA:86,0
DA:87,0
DA:88,0
DA:93,0
DA:94,0
DA:95,0
DA:96,0
DA:97,0
DA:98,0
DA:99,0
DA:101,0
DA:102,0
DA:103,0
DA:104,0
DA:107,0
DA:110,0
DA:112,0
DA:115,0
DA:118,0
DA:119,0
DA:120,0
DA:121,0
DA:123,0
DA:126,0
DA:127,0
DA:128,0
DA:129,0
DA:130,0
DA:132,0
DA:135,0
DA:138,0
DA:139,0
DA:140,0
DA:141,0
DA:143,0
DA:146,0
DA:147,0
DA:148,0
DA:149,0
DA:150,0
DA:152,0
DA:156,0
DA:158,0
DA:159,0
DA:161,0
DA:162,0
DA:163,0
DA:164,0
DA:165,0
DA:166,0
DA:167,0
DA:168,0
DA:171,0
DA:175,0
DA:176,0
DA:177,0
DA:178,0
DA:179,0
DA:181,0
DA:186,0
DA:187,0
DA:188,0
DA:189,0
DA:191,0
DA:196,0
DA:198,0
LF:90
LH:1
end_of_record
TN:
SF:lib/data/liquidity_pools/rest_api_liquidity_pools_repository.dart
FNF:0
FNH:0
DA:11,0
DA:18,0
DA:19,0
DA:20,0
DA:21,0
DA:22,0
DA:23,0
LF:7
LH:0
end_of_record
TN:
SF:lib/data/local/codecs/app_info_codec.dart
FNF:0
FNH:0
DA:7,0
DA:8,0
DA:10,0
DA:11,0
LF:4
LH:0
end_of_record
TN:
SF:lib/data/local/plain_store_local_storage.dart
FNF:0
FNH:0
DA:7,0
DA:13,0
DA:19,0
DA:20,0
DA:22,0
DA:24,0
DA:26,0
DA:31,0
DA:32,0
DA:33,0
DA:34,0
LF:11
LH:0
end_of_record
TN:
SF:lib/data/model/account_details.dart
FNF:0
FNH:0
DA:6,3
DA:12,42
DA:21,1
DA:22,1
DA:23,1
DA:24,1
DA:25,1
DA:28,1
DA:33,1
DA:34,1
DA:35,1
DA:36,0
LF:12
LH:11
end_of_record
TN:
SF:lib/data/model/account_type.dart
FNF:0
FNH:0
DA:1,20
DA:7,0
DA:9,0
DA:11,0
DA:16,0
DA:17,0
DA:18,0
LF:7
LH:1
end_of_record
TN:
SF:lib/data/model/balance_json.dart
FNF:0
FNH:0
DA:8,0
DA:17,0
DA:18,0
DA:19,0
DA:20,0
DA:21,0
DA:22,0
DA:23,0
DA:33,0
DA:34,0
DA:35,0
DA:36,0
DA:37,0
DA:39,0
DA:40,0
DA:41,0
DA:42,0
LF:17
LH:0
end_of_record
TN:
SF:lib/data/model/bech_32_config_json.dart
FNF:0
FNH:0
DA:4,0
DA:19,0
DA:20,0
DA:21,0
DA:22,0
DA:23,0
DA:24,0
DA:25,0
DA:26,0
DA:27,0
DA:28,0
DA:29,0
DA:30,0
DA:31,0
DA:47,0
DA:48,0
DA:49,0
DA:50,0
DA:51,0
DA:52,0
DA:53,0
DA:54,0
DA:55,0
DA:56,0
DA:57,0
DA:58,0
DA:59,0
LF:27
LH:0
end_of_record
TN:
SF:lib/data/model/chain_json.dart
FNF:0
FNH:0
DA:7,0
DA:22,0
DA:23,0
DA:24,0
DA:25,0
DA:26,0
DA:27,0
DA:29,0
DA:30,0
DA:31,0
DA:32,0
DA:33,0
DA:34,0
DA:35,0
DA:51,0
DA:52,0
DA:53,0
DA:54,0
DA:55,0
DA:56,0
DA:57,0
DA:58,0
LF:22
LH:0
end_of_record
TN:
SF:lib/data/model/currency_pairs_data_json.dart
FNF:0
FNH:0
DA:5,0
DA:7,0
DA:8,0
DA:9,0
DA:10,0
DA:11,0
DA:12,0
DA:13,0
DA:14,0
DA:15,0
DA:16,0
LF:11
LH:0
end_of_record
TN:
SF:lib/data/model/emeris_account.dart
FNF:0
FNH:0
DA:8,4
DA:13,125
DA:20,3
DA:22,1
DA:23,1
DA:24,1
DA:25,1
DA:28,2
DA:32,2
DA:33,0
DA:34,2
DA:40,0
DA:41,0
DA:42,0
DA:43,0
DA:48,0
DA:49,0
LF:17
LH:10
end_of_record
TN:
SF:lib/data/model/emeris_pagination.dart
FNF:0
FNH:0
DA:4,0
DA:9,0
DA:10,0
LF:3
LH:0
end_of_record
TN:
SF:lib/data/model/fiat_json.dart
FNF:0
FNH:0
DA:2,0
DA:4,0
DA:5,0
DA:6,0
LF:4
LH:0
end_of_record
TN:
SF:lib/data/model/gas_price_levels_json.dart
FNF:0
FNH:0
DA:9,1
DA:11,2
DA:12,3
DA:13,3
DA:14,3
DA:21,2
DA:22,2
DA:23,2
DA:24,2
DA:29,1
DA:33,1
DA:35,1
DA:37,1
LF:13
LH:13
end_of_record
TN:
SF:lib/data/model/ibc_json.dart
FNF:0
FNH:0
DA:2,0
DA:4,0
DA:5,0
DA:6,0
LF:4
LH:0
end_of_record
TN:
SF:lib/data/model/node_info_json.dart
FNF:0
FNH:0
DA:6,0
DA:12,0
DA:13,0
DA:14,0
DA:15,0
DA:17,0
DA:24,0
DA:25,0
DA:26,0
DA:27,0
LF:10
LH:0
end_of_record
TN:
SF:lib/data/model/pool_json.dart
FNF:0
FNH:0
DA:4,0
DA:12,0
DA:13,0
DA:14,0
DA:15,0
DA:16,0
DA:17,0
DA:26,0
DA:27,0
DA:28,0
DA:29,0
DA:30,0
DA:31,0
LF:13
LH:0
end_of_record
TN:
SF:lib/data/model/prices_data_json.dart
FNF:0
FNH:0
DA:4,0
DA:10,0
DA:11,0
DA:12,0
DA:13,0
DA:14,0
LF:6
LH:0
end_of_record
TN:
SF:lib/data/model/primary_channel_json.dart
FNF:0
FNH:0
DA:4,0
DA:6,0
DA:7,0
DA:8,0
DA:14,0
DA:15,0
DA:16,0
LF:7
LH:0
end_of_record
TN:
SF:lib/data/model/staking_balance_json.dart
FNF:0
FNH:0
DA:5,0
DA:11,0
DA:12,0
DA:13,0
DA:14,0
DA:17,0
DA:18,0
DA:19,0
DA:20,0
LF:9
LH:0
end_of_record
TN:
SF:lib/data/model/token_pair_json.dart
FNF:0
FNH:0
DA:2,0
DA:8,0
DA:9,0
DA:10,0
DA:11,0
DA:12,0
LF:6
LH:0
end_of_record
TN:
SF:lib/data/model/trace_json.dart
FNF:0
FNH:0
DA:4,1
DA:11,2
DA:12,1
DA:13,1
DA:14,1
DA:15,1
DA:23,2
DA:24,1
DA:25,1
DA:26,1
DA:27,1
LF:11
LH:11
end_of_record
TN:
SF:lib/data/model/translators/prices_translator.dart
FNF:0
FNH:0
DA:8,0
DA:9,0
DA:10,0
DA:11,0
DA:12,0
DA:13,0
DA:14,0
DA:17,0
DA:18,0
DA:19,0
DA:20,0
DA:21,0
DA:22,0
DA:23,0
DA:24,0
DA:27,0
DA:28,0
LF:17
LH:0
end_of_record
TN:
SF:lib/data/model/verified_denom_json.dart
FNF:0
FNH:0
DA:6,1
DA:22,2
DA:23,1
DA:24,1
DA:25,1
DA:26,2
DA:27,1
DA:28,1
DA:29,1
DA:30,1
DA:31,1
DA:33,2
DA:34,1
DA:35,1
DA:36,2
DA:37,1
DA:54,1
DA:55,1
DA:56,1
DA:57,1
DA:59,1
DA:60,1
DA:61,1
DA:63,1
DA:64,1
DA:65,1
DA:66,1
DA:67,1
DA:68,1
DA:69,2
DA:70,1
DA:71,1
DA:72,1
LF:33
LH:33
end_of_record
TN:
SF:lib/data/model/verify_trace_json.dart
FNF:0
FNH:0
DA:5,1
DA:13,2
DA:14,1
DA:15,1
DA:16,1
DA:17,1
DA:18,5
DA:27,2
DA:28,1
DA:29,1
DA:30,1
DA:31,1
DA:32,5
LF:13
LH:13
end_of_record
TN:
SF:lib/data/model/wallet_additional_data_json.dart
FNF:0
FNH:0
DA:6,0
DA:10,0
DA:11,0
DA:12,0
DA:18,0
DA:21,0
DA:22,0
DA:26,0
DA:28,0
DA:29,0
DA:30,0
DA:36,0
DA:37,0
DA:39,0
DA:40,0
DA:41,0
LF:16
LH:0
end_of_record
TN:
SF:lib/data/utils/amount_parser.dart
FNF:0
FNH:0
DA:4,2
DA:5,4
DA:9,4
DA:10,8
LF:4
LH:4
end_of_record
TN:
SF:lib/data/web/web_key_info_storage.dart
FNF:0
FNH:0
DA:14,0
DA:17,0
DA:19,0
DA:21,0
DA:26,0
DA:27,0
DA:29,0
DA:31,0
DA:32,0
DA:33,0
DA:35,0
DA:38,0
DA:41,0
DA:44,0
DA:48,0
DA:52,0
DA:53,0
DA:57,0
DA:58,0
DA:59,0
LF:20
LH:0
end_of_record
TN:
SF:lib/dependency_injection/app_component.dart
FNF:0
FNH:0
DA:148,60
DA:151,20
DA:152,40
DA:153,20
DA:154,20
DA:155,20
DA:156,20
DA:157,20
DA:158,20
DA:161,20
DA:162,20
DA:163,20
DA:164,20
DA:165,20
DA:166,20
DA:167,3
DA:168,0
DA:169,3
DA:170,6
DA:171,6
DA:172,3
DA:173,3
DA:174,3
DA:178,20
DA:179,6
DA:180,6
DA:181,6
DA:182,3
DA:183,12
DA:184,9
DA:186,3
DA:187,12
DA:193,20
DA:194,20
DA:195,20
DA:196,6
DA:197,15
DA:198,15
DA:201,20
DA:202,4
DA:204,20
DA:205,18
DA:207,20
DA:208,6
DA:210,20
DA:211,4
DA:213,20
DA:214,0
DA:216,20
DA:217,0
DA:219,20
DA:220,0
DA:224,20
DA:225,20
DA:226,20
DA:229,20
DA:232,20
DA:235,20
DA:238,20
DA:243,20
DA:244,20
DA:245,20
DA:246,18
DA:248,20
DA:249,4
DA:251,20
DA:252,4
DA:254,20
DA:257,20
DA:258,0
DA:259,0
DA:262,20
DA:265,20
DA:268,20
DA:271,20
DA:272,4
DA:274,20
DA:277,20
DA:278,0
DA:280,20
DA:281,20
DA:284,20
DA:285,20
DA:286,20
DA:287,8
DA:289,20
DA:290,12
DA:292,20
DA:293,6
DA:295,20
DA:298,20
DA:299,4
DA:301,20
DA:302,8
DA:304,20
DA:305,0
DA:307,20
DA:308,0
DA:310,20
DA:311,0
DA:313,20
DA:314,4
DA:316,20
DA:317,4
DA:319,20
DA:320,0
DA:322,20
DA:323,6
DA:325,20
DA:326,0
DA:328,20
DA:329,0
DA:330,0
DA:331,0
DA:332,0
DA:333,0
DA:334,0
DA:335,0
DA:336,0
DA:337,0
DA:338,0
DA:339,0
DA:342,20
DA:343,0
DA:345,20
DA:346,6
DA:348,20
DA:349,6
DA:351,20
DA:352,0
DA:354,20
DA:355,0
DA:357,20
DA:358,0
DA:360,20
DA:361,4
DA:365,20
DA:366,20
DA:367,20
DA:368,0
DA:370,20
DA:371,0
DA:373,20
DA:374,0
DA:376,20
DA:377,0
DA:379,20
DA:380,0
DA:382,20
DA:383,0
DA:385,20
DA:386,0
DA:388,20
DA:389,0
DA:391,20
DA:392,4
DA:394,20
DA:395,2
DA:397,20
DA:398,2
DA:399,2
DA:400,2
DA:401,2
DA:404,20
DA:405,2
DA:406,2
DA:407,2
DA:410,20
DA:411,0
DA:413,20
DA:414,0
DA:416,20
DA:417,0
DA:419,20
DA:420,0
DA:422,20
DA:423,0
DA:425,20
DA:426,0
DA:428,20
DA:429,0
DA:431,20
DA:432,0
DA:434,20
DA:435,4
DA:437,20
DA:438,2
DA:440,2
DA:441,2
DA:442,2
DA:445,20
DA:446,2
DA:447,2
DA:448,2
DA:449,2
DA:450,2
DA:453,20
DA:454,2
DA:455,2
DA:458,20
DA:459,2
DA:461,20
DA:462,2
DA:463,2
DA:464,2
DA:465,2
DA:468,20
DA:469,4
DA:471,20
DA:472,2
DA:473,2
DA:476,20
DA:477,0
DA:478,0
DA:481,20
DA:482,0
DA:484,20
DA:485,0
DA:486,0
DA:487,0
DA:488,0
DA:492,20
DA:493,0
DA:494,0
DA:495,0
DA:499,20
DA:500,4
DA:502,20
DA:503,2
DA:504,2
DA:505,2
DA:506,2
DA:509,20
DA:510,4
DA:512,20
DA:513,2
DA:514,2
DA:517,20
DA:518,0
DA:520,20
DA:521,0
DA:522,0
DA:523,0
DA:526,20
DA:527,0
DA:529,20
DA:530,0
DA:531,0
DA:534,20
DA:535,2
DA:537,20
DA:538,2
DA:539,2
DA:540,2
DA:543,20
DA:544,4
DA:546,20
DA:547,2
DA:548,2
DA:551,20
DA:552,4
DA:554,20
DA:555,2
DA:556,2
DA:557,2
DA:560,20
DA:561,4
DA:563,20
DA:564,2
DA:565,2
DA:568,20
DA:569,4
DA:571,20
DA:572,2
DA:574,20
DA:575,2
DA:576,2
DA:577,2
DA:578,2
DA:579,2
DA:582,20
DA:583,2
DA:584,2
DA:587,20
DA:588,4
DA:590,20
DA:591,2
DA:593,20
DA:594,2
DA:595,2
DA:596,2
DA:599,20
DA:600,2
DA:601,2
DA:604,20
DA:605,4
DA:607,20
DA:608,2
DA:610,2
DA:611,2
DA:612,2
DA:615,20
DA:616,2
DA:617,2
DA:618,2
DA:621,20
DA:622,2
DA:623,2
LF:308
LH:248
end_of_record
TN:
SF:lib/domain/entities/account_address.dart
FNF:0
FNH:0
DA:5,3
DA:9,61
DA:13,9
DA:15,1
DA:16,1
DA:17,1
DA:20,0
DA:22,0
DA:23,0
DA:25,0
DA:32,20
LF:11
LH:7
end_of_record
TN:
SF:lib/domain/entities/account_identifier.dart
FNF:0
FNH:0
DA:6,2
DA:12,41
DA:21,1
DA:22,1
DA:23,1
DA:24,1
DA:27,0
DA:28,0
DA:29,0
DA:30,0
DA:33,0
LF:11
LH:6
end_of_record
TN:
SF:lib/domain/entities/amount.dart
FNF:0
FNH:0
DA:5,20
DA:7,6
DA:9,2
DA:11,0
DA:13,3
DA:15,1
DA:16,1
DA:17,1
DA:20,80
DA:21,8
DA:25,0
DA:26,0
DA:28,3
DA:30,0
DA:32,0
DA:39,15
DA:41,5
DA:43,0
DA:45,5
DA:47,4
DA:48,4
DA:49,4
DA:54,0
DA:58,0
LF:24
LH:16
end_of_record
TN:
SF:lib/domain/entities/asset.dart
FNF:0
FNH:0
DA:11,1
DA:16,21
DA:23,0
DA:25,0
DA:26,0
DA:27,0
DA:28,0
DA:31,2
DA:32,2
DA:33,5
DA:36,0
DA:40,4
DA:41,1
LF:13
LH:7
end_of_record
TN:
SF:lib/domain/entities/balance.dart
FNF:0
FNH:0
DA:17,3
DA:23,20
DA:25,20
DA:32,5
DA:34,0
DA:36,0
DA:39,1
DA:40,1
DA:41,1
DA:42,1
DA:45,4
DA:46,2
DA:50,2
DA:51,1
DA:52,4
DA:56,16
DA:58,0
DA:59,0
DA:60,0
DA:64,1
DA:69,1
DA:70,0
DA:71,1
DA:72,1
DA:78,2
DA:79,5
DA:82,2
DA:83,0
DA:84,4
DA:86,1
DA:87,1
DA:91,2
DA:95,1
DA:96,3
DA:100,0
DA:103,0
DA:104,0
DA:105,0
DA:106,0
DA:107,0
DA:109,0
DA:112,0
LF:42
LH:27
end_of_record
TN:
SF:lib/domain/entities/bech_32_config.dart
FNF:0
FNH:0
DA:4,0
DA:19,40
DA:46,0
DA:47,0
DA:48,0
DA:49,0
DA:50,0
DA:51,0
DA:52,0
DA:53,0
DA:54,0
DA:55,0
DA:56,0
DA:57,0
DA:58,0
DA:59,0
LF:16
LH:1
end_of_record
TN:
SF:lib/domain/entities/broadcast_transaction.dart
FNF:0
FNH:0
DA:4,0
LF:1
LH:0
end_of_record
TN:
SF:lib/domain/entities/chain.dart
FNF:0
FNH:0
DA:6,0
DA:16,60
DA:33,0
DA:34,0
DA:35,0
DA:36,0
DA:37,0
DA:38,0
DA:39,0
DA:40,0
DA:41,0
LF:11
LH:1
end_of_record
TN:
SF:lib/domain/entities/chain_asset.dart
FNF:0
FNH:0
DA:11,0
DA:17,20
DA:20,20
DA:26,3
DA:28,1
DA:29,1
DA:30,1
DA:31,1
DA:32,1
DA:35,0
DA:40,0
DA:41,0
DA:42,0
DA:43,0
DA:47,0
DA:51,4
DA:52,1
LF:17
LH:10
end_of_record
TN:
SF:lib/domain/entities/denom.dart
FNF:0
FNH:0
DA:4,3
DA:9,27
DA:11,81
DA:18,1
DA:19,1
DA:20,1
DA:23,0
DA:24,0
LF:8
LH:6
end_of_record
TN:
SF:lib/domain/entities/failures/add_account_failure.dart
FNF:0
FNH:0
DA:3,20
DA:10,0
DA:12,0
DA:14,0
DA:19,0
DA:20,0
DA:21,0
DA:22,0
DA:23,0
DA:24,0
DA:28,0
DA:30,0
LF:12
LH:1
end_of_record
TN:
SF:lib/domain/entities/failures/app_init_failure.dart
FNF:0
FNH:0
DA:3,20
DA:9,0
DA:14,0
DA:15,0
DA:16,0
DA:17,0
DA:21,0
DA:23,0
LF:8
LH:1
end_of_record
TN:
SF:lib/domain/entities/failures/change_current_account_failure.dart
FNF:0
FNH:0
DA:3,20
DA:9,0
DA:14,0
DA:15,0
DA:16,0
DA:17,0
DA:21,0
DA:23,0
LF:8
LH:1
end_of_record
TN:
SF:lib/domain/entities/failures/copy_to_clipboard_failure.dart
FNF:0
FNH:0
DA:3,20
DA:9,0
DA:14,0
DA:15,0
DA:16,0
DA:17,0
DA:21,0
LF:7
LH:1
end_of_record
TN:
SF:lib/domain/entities/failures/delete_account_failure.dart
FNF:0
FNH:0
DA:4,20
DA:10,0
DA:15,0
DA:16,0
DA:17,0
DA:18,0
DA:19,0
DA:20,0
DA:25,0
DA:27,0
LF:10
LH:1
end_of_record
TN:
SF:lib/domain/entities/failures/delete_all_accounts_failure.dart
FNF:0
FNH:0
DA:3,20
DA:9,0
DA:14,0
DA:15,0
DA:16,0
DA:17,0
DA:21,0
DA:23,0
LF:8
LH:1
end_of_record
TN:
SF:lib/domain/entities/failures/delete_app_data_failure.dart
FNF:0
FNH:0
DA:3,20
DA:9,0
DA:14,0
DA:15,0
DA:16,0
DA:17,0
DA:21,0
DA:23,0
LF:8
LH:1
end_of_record
TN:
SF:lib/domain/entities/failures/displayable_failure.dart
FNF:0
FNH:0
DA:2,0
DA:7,0
LF:2
LH:0
end_of_record
TN:
SF:lib/domain/entities/failures/general_failure.dart
FNF:0
FNH:0
DA:4,20
DA:10,1
DA:11,1
DA:12,0
DA:21,0
DA:22,0
DA:23,0
DA:24,0
DA:28,0
DA:29,0
LF:10
LH:3
end_of_record
TN:
SF:lib/domain/entities/failures/generate_mnemonic_failure.dart
FNF:0
FNH:0
DA:3,20
DA:9,20
DA:13,0
DA:14,0
DA:15,0
DA:16,0
LF:6
LH:2
end_of_record
TN:
SF:lib/domain/entities/failures/get_accounts_list_failure.dart
FNF:0
FNH:0
DA:3,20
DA:9,20
DA:13,0
DA:14,0
DA:15,0
DA:16,0
LF:6
LH:2
end_of_record
TN:
SF:lib/domain/entities/failures/get_chains_failure.dart
FNF:0
FNH:0
DA:3,20
DA:9,0
DA:14,0
DA:15,0
DA:16,0
DA:17,0
DA:21,0
DA:23,0
LF:8
LH:1
end_of_record
TN:
SF:lib/domain/entities/failures/get_current_account_failure.dart
FNF:0
FNH:0
DA:3,20
DA:9,0
DA:11,0
DA:16,0
DA:17,0
DA:18,0
DA:19,0
DA:20,0
DA:24,0
DA:26,0
LF:10
LH:1
end_of_record
TN:
SF:lib/domain/entities/failures/get_prices_failure.dart
FNF:0
FNH:0
DA:3,20
DA:9,0
DA:14,0
DA:15,0
DA:16,0
DA:17,0
DA:21,0
LF:7
LH:1
end_of_record
TN:
SF:lib/domain/entities/failures/get_verified_denoms_failure.dart
FNF:0
FNH:0
DA:3,20
DA:9,1
DA:14,0
DA:15,0
DA:16,0
DA:17,0
DA:21,0
DA:23,0
LF:8
LH:2
end_of_record
TN:
SF:lib/domain/entities/failures/invalid_amount_failure.dart
FNF:0
FNH:0
DA:6,0
DA:8,0
DA:9,0
DA:11,0
LF:4
LH:0
end_of_record
TN:
SF:lib/domain/entities/failures/invalid_passcode_failure.dart
FNF:0
FNH:0
DA:6,20
DA:8,0
DA:9,0
DA:11,0
LF:4
LH:1
end_of_record
TN:
SF:lib/domain/entities/failures/local_storage_failure.dart
FNF:0
FNH:0
DA:3,20
DA:11,0
DA:13,0
DA:15,0
DA:19,0
DA:20,0
DA:21,0
DA:22,0
DA:23,0
DA:24,0
DA:28,0
DA:30,0
LF:12
LH:1
end_of_record
TN:
SF:lib/domain/entities/failures/migrate_app_versions_failure.dart
FNF:0
FNH:0
DA:3,20
DA:9,20
DA:14,0
DA:15,0
DA:16,0
DA:17,0
DA:21,0
DA:22,0
LF:8
LH:2
end_of_record
TN:
SF:lib/domain/entities/failures/no_account_selected_failure.dart
FNF:0
FNH:0
DA:6,0
DA:8,0
DA:9,0
DA:10,0
DA:11,0
LF:5
LH:0
end_of_record
TN:
SF:lib/domain/entities/failures/passcode_failure.dart
FNF:0
FNH:0
DA:4,20
DA:11,0
DA:14,20
DA:18,0
DA:19,0
DA:20,0
DA:21,0
DA:22,0
DA:23,0
DA:24,0
DA:25,0
LF:11
LH:2
end_of_record
TN:
SF:lib/domain/entities/failures/passcode_validation_failure.dart
FNF:0
FNH:0
DA:4,20
DA:13,0
DA:15,20
DA:17,20
DA:19,20
DA:24,0
DA:25,0
DA:26,0
DA:27,0
DA:28,0
DA:29,0
DA:31,0
DA:33,0
DA:34,0
DA:36,0
DA:38,0
DA:39,0
DA:41,0
DA:46,0
DA:48,0
LF:20
LH:4
end_of_record
TN:
SF:lib/domain/entities/failures/paste_from_clipboard_failure.dart
FNF:0
FNH:0
DA:3,20
DA:9,0
DA:14,0
DA:15,0
DA:16,0
DA:17,0
DA:21,0
LF:7
LH:1
end_of_record
TN:
SF:lib/domain/entities/failures/redeem_failure.dart
FNF:0
FNH:0
DA:3,2
DA:9,1
DA:11,1
DA:16,0
DA:17,0
DA:18,0
DA:19,0
DA:20,0
DA:24,0
DA:26,0
LF:10
LH:3
end_of_record
TN:
SF:lib/domain/entities/failures/rename_account_failure.dart
FNF:0
FNH:0
DA:3,20
DA:11,0
DA:13,0
DA:15,0
DA:17,0
DA:22,0
DA:23,0
DA:24,0
DA:25,0
DA:26,0
DA:27,0
DA:28,0
DA:32,0
DA:34,0
LF:14
LH:1
end_of_record
TN:
SF:lib/domain/entities/failures/save_passcode_failure.dart
FNF:0
FNH:0
DA:4,20
DA:11,0
DA:13,0
DA:20,0
DA:21,0
DA:22,0
DA:23,0
DA:24,0
DA:25,0
DA:29,0
DA:31,0
LF:11
LH:1
end_of_record
TN:
SF:lib/domain/entities/failures/send_tokens_failure.dart
FNF:0
FNH:0
DA:3,20
DA:9,0
DA:14,0
DA:15,0
DA:16,0
DA:17,0
DA:21,0
DA:23,0
LF:8
LH:1
end_of_record
TN:
SF:lib/domain/entities/failures/set_current_account_failure.dart
FNF:0
FNH:0
DA:3,20
DA:9,0
DA:11,0
DA:16,0
DA:17,0
DA:18,0
DA:19,0
DA:20,0
DA:24,0
DA:26,0
LF:10
LH:1
end_of_record
TN:
SF:lib/domain/entities/failures/share_data_failure.dart
FNF:0
FNH:0
DA:3,20
DA:9,0
DA:14,0
DA:15,0
DA:16,0
DA:17,0
DA:21,0
LF:7
LH:1
end_of_record
TN:
SF:lib/domain/entities/failures/transfer_failure.dart
FNF:0
FNH:0
DA:3,2
DA:12,0
DA:14,0
DA:16,2
DA:18,0
DA:23,0
DA:24,0
DA:25,0
DA:26,0
DA:27,0
DA:28,0
DA:29,0
DA:33,0
DA:35,0
LF:14
LH:2
end_of_record
TN:
SF:lib/domain/entities/failures/update_theme_failure.dart
FNF:0
FNH:0
DA:3,20
DA:9,0
DA:14,0
DA:15,0
DA:16,0
DA:17,0
DA:21,0
LF:7
LH:1
end_of_record
TN:
SF:lib/domain/entities/failures/verify_account_password_failure.dart
FNF:0
FNH:0
DA:4,20
DA:10,40
DA:14,0
DA:15,0
DA:16,0
DA:17,0
DA:18,0
DA:19,0
LF:8
LH:2
end_of_record
TN:
SF:lib/domain/entities/failures/verify_passcode_failure.dart
FNF:0
FNH:0
DA:4,20
DA:11,0
DA:13,0
DA:20,0
DA:21,0
DA:22,0
DA:23,0
DA:24,0
DA:25,0
LF:9
LH:1
end_of_record
TN:
SF:lib/domain/entities/fiat.dart
FNF:0
FNH:0
DA:4,1
DA:12,0
DA:13,0
DA:14,0
DA:15,0
LF:5
LH:1
end_of_record
TN:
SF:lib/domain/entities/gas_price_level.dart
FNF:0
FNH:0
DA:7,1
DA:12,1
DA:14,1
DA:19,1
DA:20,1
DA:21,1
DA:22,1
DA:27,2
DA:29,2
DA:31,2
DA:33,6
DA:35,2
DA:36,0
LF:13
LH:12
end_of_record
TN:
SF:lib/domain/entities/gas_price_level_type.dart
FNF:0
FNH:0
DA:3,20
DA:10,0
DA:12,0
DA:13,0
DA:14,0
DA:15,0
DA:16,0
DA:17,0
LF:8
LH:1
end_of_record
TN:
SF:lib/domain/entities/import_account_form_data.dart
FNF:0
FNH:0
DA:6,0
DA:18,0
DA:19,0
DA:20,0
DA:21,0
DA:22,0
DA:23,0
DA:26,0
DA:32,0
DA:33,0
DA:34,0
DA:35,0
DA:39,0
DA:40,0
DA:41,0
DA:42,0
DA:43,0
LF:17
LH:0
end_of_record
TN:
SF:lib/domain/entities/mnemonic.dart
FNF:0
FNH:0
DA:5,1
DA:9,21
DA:11,2
DA:13,4
DA:14,6
DA:15,6
DA:16,2
DA:21,0
DA:23,1
DA:24,1
DA:25,1
DA:28,6
DA:30,0
DA:32,2
DA:33,1
DA:34,2
DA:35,0
DA:38,1
DA:40,1
DA:41,1
DA:42,1
DA:44,5
DA:48,2
DA:56,1
DA:57,1
DA:58,1
DA:59,1
LF:27
LH:24
end_of_record
TN:
SF:lib/domain/entities/node_info.dart
FNF:0
FNH:0
DA:5,0
DA:11,40
DA:20,0
DA:21,0
DA:22,0
DA:23,0
DA:24,0
LF:7
LH:1
end_of_record
TN:
SF:lib/domain/entities/operating_system.dart
FNF:0
FNH:0
DA:1,20
DA:12,3
LF:2
LH:2
end_of_record
TN:
SF:lib/domain/entities/paginated_list.dart
FNF:0
FNH:0
DA:5,0
DA:13,0
DA:14,0
DA:15,0
DA:16,0
LF:5
LH:0
end_of_record
TN:
SF:lib/domain/entities/passcode.dart
FNF:0
FNH:0
DA:5,0
DA:13,0
DA:14,0
DA:15,0
DA:18,0
DA:19,0
DA:21,0
DA:23,0
LF:8
LH:0
end_of_record
TN:
SF:lib/domain/entities/pool.dart
FNF:0
FNH:0
DA:4,0
DA:18,0
DA:19,0
DA:20,0
DA:21,0
DA:22,0
DA:23,0
DA:24,0
LF:8
LH:0
end_of_record
TN:
SF:lib/domain/entities/prices.dart
FNF:0
FNH:0
DA:9,1
DA:12,1
DA:13,1
DA:15,41
DA:22,0
DA:23,0
DA:24,0
DA:25,0
DA:28,4
DA:29,9
DA:31,4
DA:32,8
LF:12
LH:8
end_of_record
TN:
SF:lib/domain/entities/primary_channel.dart
FNF:0
FNH:0
DA:4,0
DA:12,0
DA:13,0
DA:14,0
DA:15,0
LF:5
LH:0
end_of_record
TN:
SF:lib/domain/entities/qr_code.dart
FNF:0
FNH:0
DA:4,0
DA:6,0
DA:10,0
DA:13,0
DA:17,0
DA:20,0
DA:21,0
LF:7
LH:0
end_of_record
TN:
SF:lib/domain/entities/send_tokens_form_data.dart
FNF:0
FNH:0
DA:10,1
DA:28,4
DA:30,0
DA:32,0
DA:33,0
DA:34,0
DA:35,0
DA:36,0
DA:37,0
DA:38,0
DA:39,0
DA:40,0
DA:43,4
LF:13
LH:3
end_of_record
TN:
SF:lib/domain/entities/share_data.dart
FNF:0
FNH:0
DA:3,20
DA:12,0
DA:20,0
DA:21,0
DA:22,0
DA:23,0
DA:26,0
LF:7
LH:1
end_of_record
TN:
SF:lib/domain/entities/staking_balance.dart
FNF:0
FNH:0
DA:5,0
DA:15,0
DA:16,0
DA:17,0
DA:18,0
DA:19,0
LF:6
LH:0
end_of_record
TN:
SF:lib/domain/entities/token_pair.dart
FNF:0
FNH:0
DA:6,1
DA:12,3
DA:13,6
DA:14,3
DA:15,3
DA:21,2
DA:22,2
DA:23,2
DA:24,2
DA:25,2
DA:28,9
DA:30,6
LF:12
LH:12
end_of_record
TN:
SF:lib/domain/entities/trace.dart
FNF:0
FNH:0
DA:4,1
DA:16,0
DA:17,0
DA:18,0
DA:19,0
DA:20,0
DA:21,0
LF:7
LH:1
end_of_record
TN:
SF:lib/domain/entities/transaction.dart
FNF:0
FNH:0
DA:5,20
DA:10,0
DA:22,0
DA:23,0
DA:24,0
DA:25,0
DA:26,0
DA:27,0
LF:8
LH:1
end_of_record
TN:
SF:lib/domain/entities/transaction_hash.dart
FNF:0
FNH:0
DA:4,0
DA:8,0
DA:9,0
LF:3
LH:0
end_of_record
TN:
SF:lib/domain/entities/verified_denom.dart
FNF:0
FNH:0
DA:8,2
DA:24,81
DA:53,0
DA:54,0
DA:55,0
DA:56,0
DA:57,0
DA:58,0
DA:59,0
DA:60,0
DA:61,0
DA:62,0
DA:63,0
DA:64,0
DA:65,0
DA:66,0
DA:67,0
DA:70,1
DA:85,1
DA:86,1
DA:87,1
DA:88,0
DA:89,1
DA:90,0
DA:91,1
DA:92,1
DA:93,1
DA:94,1
DA:95,1
DA:96,1
DA:97,1
DA:98,1
DA:102,2
DA:103,1
DA:105,1
LF:35
LH:18
end_of_record
TN:
SF:lib/domain/entities/verify_trace.dart
FNF:0
FNH:0
DA:5,1
DA:19,0
DA:20,0
DA:21,0
DA:22,0
DA:23,0
DA:24,0
DA:25,0
LF:8
LH:1
end_of_record
TN:
SF:lib/domain/stores/accounts_store.dart
FNF:0
FNH:0
DA:7,0
DA:9,0
DA:11,0
DA:12,0
DA:13,0
DA:15,0
DA:19,0
DA:20,0
DA:21,0
DA:22,0
DA:24,0
DA:25,0
DA:27,0
DA:29,0
DA:30,0
DA:31,0
DA:33,0
DA:34,0
DA:35,0
DA:37,0
DA:38,0
DA:47,0
DA:52,0
LF:23
LH:0
end_of_record
TN:
SF:lib/domain/stores/assets_store.dart
FNF:0
FNH:0
DA:6,0
DA:8,0
DA:9,0
DA:17,0
LF:4
LH:0
end_of_record
TN:
SF:lib/domain/stores/blockchain_metadata_store.dart
FNF:0
FNH:0
DA:10,0
DA:12,3
DA:14,0
DA:16,0
DA:18,0
DA:20,0
DA:21,0
DA:29,0
DA:34,0
DA:39,0
LF:10
LH:1
end_of_record
TN:
SF:lib/domain/stores/local_storage.dart
FNF:0
FNH:0
DA:25,0
DA:26,0
LF:2
LH:0
end_of_record
TN:
SF:lib/domain/stores/platform_info_store.dart
FNF:0
FNH:0
DA:7,0
DA:8,0
DA:10,0
DA:12,0
DA:14,0
DA:16,0
LF:6
LH:0
end_of_record
TN:
SF:lib/domain/stores/settings_store.dart
FNF:0
FNH:0
DA:7,0
DA:9,0
DA:11,0
DA:12,0
DA:13,0
DA:14,0
DA:23,0
DA:28,0
LF:8
LH:0
end_of_record
TN:
SF:lib/domain/use_cases/app_init_use_case.dart
FNF:0
FNH:0
DA:17,1
DA:41,1
DA:42,5
DA:43,4
DA:44,2
DA:46,3
DA:47,3
DA:48,3
DA:49,3
DA:51,4
DA:52,1
DA:53,0
DA:55,1
DA:56,3
DA:57,3
DA:61,1
DA:62,3
DA:63,1
DA:65,1
DA:66,1
DA:67,3
DA:69,1
DA:73,1
DA:74,1
DA:75,1
DA:76,1
DA:77,3
DA:80,1
DA:81,1
DA:82,1
DA:83,1
DA:84,1
DA:85,1
DA:86,2
DA:92,1
DA:96,1
DA:97,2
LF:37
LH:36
end_of_record
TN:
SF:lib/domain/use_cases/change_current_account_use_case.dart
FNF:0
FNH:0
DA:10,1
DA:20,0
DA:21,0
DA:22,0
DA:23,0
DA:24,0
DA:25,0
DA:27,0
DA:28,0
DA:29,0
DA:30,0
LF:11
LH:1
end_of_record
TN:
SF:lib/domain/use_cases/copy_to_clipboard_use_case.dart
FNF:0
FNH:0
DA:6,1
DA:10,0
DA:13,0
LF:3
LH:1
end_of_record
TN:
SF:lib/domain/use_cases/delete_account_use_case.dart
FNF:0
FNH:0
DA:11,0
DA:17,0
DA:21,0
DA:22,0
DA:23,0
DA:24,0
DA:25,0
DA:26,0
DA:29,0
LF:9
LH:0
end_of_record
TN:
SF:lib/domain/use_cases/delete_app_data_use_case.dart
FNF:0
FNH:0
DA:7,0
DA:11,0
DA:12,0
DA:13,0
DA:14,0
LF:5
LH:0
end_of_record
TN:
SF:lib/domain/use_cases/generate_mnemonic_use_case.dart
FNF:0
FNH:0
DA:7,0
DA:9,0
DA:11,0
DA:12,0
LF:4
LH:0
end_of_record
TN:
SF:lib/domain/use_cases/get_balances_use_case.dart
FNF:0
FNH:0
DA:13,1
DA:27,0
DA:30,0
DA:31,0
DA:32,0
DA:34,0
DA:35,0
DA:36,0
DA:38,0
DA:39,0
DA:42,0
DA:43,0
DA:44,0
DA:45,0
DA:46,0
LF:15
LH:1
end_of_record
TN:
SF:lib/domain/use_cases/get_chains_use_case.dart
FNF:0
FNH:0
DA:10,0
DA:15,0
DA:16,0
DA:17,0
DA:19,0
DA:20,0
DA:21,0
DA:22,0
DA:23,0
DA:26,0
DA:28,0
DA:29,0
DA:31,0
DA:32,0
DA:33,0
DA:35,0
DA:37,0
DA:38,0
LF:18
LH:0
end_of_record
TN:
SF:lib/domain/use_cases/get_prices_use_case.dart
FNF:0
FNH:0
DA:8,1
DA:16,0
DA:17,0
DA:18,0
DA:19,0
DA:20,0
LF:6
LH:1
end_of_record
TN:
SF:lib/domain/use_cases/get_staked_amount_use_case.dart
FNF:0
FNH:0
DA:9,0
DA:13,0
DA:16,0
DA:17,0
DA:18,0
LF:5
LH:0
end_of_record
TN:
SF:lib/domain/use_cases/get_verified_denoms_use_case.dart
FNF:0
FNH:0
DA:8,1
DA:16,0
DA:17,0
DA:18,0
DA:19,0
DA:20,0
DA:22,0
LF:7
LH:1
end_of_record
TN:
SF:lib/domain/use_cases/import_account_use_case.dart
FNF:0
FNH:0
DA:12,1
DA:22,0
DA:23,0
DA:24,0
DA:25,0
DA:26,0
DA:27,0
DA:28,0
LF:8
LH:1
end_of_record
TN:
SF:lib/domain/use_cases/migrate_app_versions_use_case.dart
FNF:0
FNH:0
DA:9,0
DA:22,0
DA:23,0
DA:24,0
DA:25,0
DA:26,0
DA:28,0
DA:31,0
DA:32,0
DA:34,0
DA:36,0
DA:37,0
DA:38,0
DA:40,0
DA:41,0
DA:45,0
DA:46,0
DA:47,0
DA:49,0
DA:50,0
DA:51,0
DA:56,0
DA:57,0
DA:58,0
DA:60,0
DA:61,0
DA:62,0
DA:65,0
DA:68,0
DA:69,0
DA:70,0
DA:71,0
DA:76,0
DA:85,0
DA:86,0
LF:35
LH:0
end_of_record
TN:
SF:lib/domain/use_cases/paste_from_clipboard_use_case.dart
FNF:0
FNH:0
DA:6,1
DA:10,0
LF:2
LH:1
end_of_record
TN:
SF:lib/domain/use_cases/rename_account_use_case.dart
FNF:0
FNH:0
DA:9,1
DA:17,0
DA:21,0
DA:22,0
DA:23,0
DA:26,0
DA:27,0
DA:28,0
DA:29,0
DA:32,0
LF:10
LH:1
end_of_record
TN:
SF:lib/domain/use_cases/save_passcode_use_case.dart
FNF:0
FNH:0
DA:9,0
DA:14,0
DA:17,0
DA:18,0
LF:4
LH:0
end_of_record
TN:
SF:lib/domain/use_cases/send_tokens_use_case.dart
FNF:0
FNH:0
DA:13,1
DA:21,0
DA:26,0
DA:27,0
DA:28,0
DA:29,0
DA:30,0
DA:31,0
DA:32,0
DA:33,0
DA:34,0
DA:35,0
DA:39,0
DA:41,0
LF:14
LH:1
end_of_record
TN:
SF:lib/domain/use_cases/share_data_use_case.dart
FNF:0
FNH:0
DA:7,0
DA:11,0
DA:14,0
LF:3
LH:0
end_of_record
TN:
SF:lib/domain/use_cases/update_theme_use_case.dart
FNF:0
FNH:0
DA:7,1
DA:11,0
DA:14,0
DA:15,0
LF:4
LH:1
end_of_record
TN:
SF:lib/domain/use_cases/verify_account_password_use_case.dart
FNF:0
FNH:0
DA:7,1
DA:12,0
DA:13,0
DA:14,0
DA:16,0
LF:5
LH:1
end_of_record
TN:
SF:lib/domain/use_cases/verify_passcode_use_case.dart
FNF:0
FNH:0
DA:7,0
DA:12,0
DA:15,0
LF:3
LH:0
end_of_record
TN:
SF:lib/domain/utils/future_either.dart
FNF:0
FNH:0
DA:4,1
DA:5,1
DA:6,2
DA:7,3
DA:13,0
DA:14,0
DA:15,0
DA:16,0
DA:17,0
DA:22,0
DA:23,0
DA:24,0
DA:25,0
DA:26,0
LF:14
LH:4
end_of_record
TN:
SF:lib/environment_config.dart
FNF:0
FNH:0
DA:8,20
DA:27,40
DA:28,20
DA:29,20
DA:32,20
DA:36,20
DA:38,20
DA:40,20
DA:41,20
DA:49,80
DA:50,80
DA:51,60
DA:55,20
LF:13
LH:13
end_of_record
TN:
SF:lib/ibc/action_handler.dart
FNF:0
FNH:0
DA:25,1
DA:34,1
DA:36,3
DA:37,0
DA:40,1
DA:41,5
DA:42,1
DA:43,1
DA:44,1
DA:47,2
DA:48,2
DA:50,2
DA:51,2
DA:53,2
DA:61,1
DA:62,1
DA:63,1
DA:64,4
DA:66,1
DA:67,2
DA:68,3
DA:69,1
DA:70,1
DA:73,1
DA:74,1
DA:75,1
DA:80,0
DA:84,0
DA:86,0
DA:87,0
DA:90,0
DA:91,0
DA:92,0
DA:94,0
DA:95,0
DA:96,0
DA:97,0
DA:99,0
DA:100,0
DA:101,0
DA:114,0
DA:115,0
DA:116,0
DA:117,0
DA:118,0
DA:119,0
DA:120,0
DA:121,0
DA:123,0
DA:124,0
DA:125,0
DA:126,0
DA:127,0
DA:131,0
DA:132,0
DA:137,0
DA:138,0
DA:139,0
DA:140,0
DA:141,0
DA:142,0
DA:143,0
DA:146,0
DA:147,0
DA:150,0
DA:151,0
DA:155,0
DA:156,0
DA:157,0
DA:158,0
DA:161,0
DA:162,0
DA:172,0
DA:173,0
DA:175,0
DA:176,0
DA:177,0
DA:181,0
DA:182,0
DA:183,0
DA:185,0
DA:186,0
DA:191,0
DA:192,0
DA:196,0
DA:198,0
DA:199,0
DA:200,0
DA:202,0
DA:203,0
DA:206,0
DA:207,0
DA:208,0
DA:210,0
DA:211,0
DA:212,0
DA:213,0
DA:214,0
DA:218,0
DA:219,0
DA:220,0
DA:221,0
DA:227,0
DA:228,0
DA:240,0
DA:248,0
DA:250,0
DA:252,0
DA:254,0
DA:255,0
DA:259,0
DA:261,0
DA:264,0
DA:265,0
DA:273,0
DA:280,0
DA:281,0
DA:287,0
DA:288,0
DA:297,0
DA:298,0
DA:301,0
DA:302,0
DA:305,0
DA:306,0
DA:310,2
DA:312,1
DA:313,3
DA:314,6
DA:319,0
DA:320,0
DA:321,0
DA:324,1
DA:325,1
DA:327,1
DA:328,3
DA:329,5
DA:332,0
DA:334,0
DA:335,0
DA:337,0
DA:347,0
DA:348,0
DA:349,0
DA:351,0
DA:352,0
DA:353,0
DA:354,0
DA:355,0
DA:356,0
DA:357,0
DA:358,0
DA:359,0
DA:371,1
DA:374,2
DA:376,4
DA:379,4
DA:390,2
DA:400,2
DA:401,3
DA:405,1
DA:411,1
DA:412,2
LF:163
LH:44
end_of_record
TN:
SF:lib/ibc/helpers/ibc_transfer_recipient.dart
FNF:0
FNH:0
DA:9,0
DA:19,0
DA:20,0
DA:21,0
DA:22,0
DA:23,0
DA:26,0
DA:28,0
DA:40,0
DA:45,0
DA:47,0
DA:48,0
LF:12
LH:0
end_of_record
TN:
SF:lib/ibc/model/chain_amount.dart
FNF:0
FNH:0
DA:4,1
DA:11,1
LF:2
LH:2
end_of_record
TN:
SF:lib/ibc/model/fee_with_denom.dart
FNF:0
FNH:0
DA:5,0
LF:1
LH:0
end_of_record
TN:
SF:lib/ibc/model/step.dart
FNF:0
FNH:0
DA:5,0
DA:13,1
LF:2
LH:1
end_of_record
TN:
SF:lib/ibc/model/transfer_chain_amount.dart
FNF:0
FNH:0
DA:4,0
DA:8,0
LF:2
LH:0
end_of_record
TN:
SF:lib/ibc/model/transfer_step.dart
FNF:0
FNH:0
DA:4,2
DA:9,0
LF:2
LH:1
end_of_record
TN:
SF:lib/ibc/model/transfer_step_data.dart
FNF:0
FNH:0
DA:6,0
LF:1
LH:0
end_of_record
TN:
SF:lib/main.dart
FNF:0
FNH:0
DA:6,0
DA:7,0
LF:2
LH:0
end_of_record
TN:
SF:lib/navigation/app_navigator.dart
FNF:0
FNH:0
DA:5,0
DA:10,0
DA:12,0
DA:13,0
DA:16,0
DA:17,0
DA:20,0
DA:22,0
DA:24,0
DA:27,0
DA:28,0
DA:29,0
DA:35,0
DA:36,0
DA:40,0
DA:41,0
DA:43,0
DA:44,0
DA:47,0
DA:52,0
DA:53,0
LF:21
LH:0
end_of_record
TN:
SF:lib/navigation/close_route.dart
FNF:0
FNH:0
DA:9,0
DA:11,0
LF:2
LH:0
end_of_record
TN:
SF:lib/navigation/error_dialog_route.dart
FNF:0
FNH:0
DA:9,0
DA:10,0
DA:11,0
DA:16,0
DA:19,0
DA:23,0
DA:25,0
DA:26,0
DA:27,0
DA:28,0
DA:29,0
DA:30,0
DA:31,0
DA:37,0
DA:39,0
DA:40,0
LF:16
LH:0
end_of_record
TN:
SF:lib/navigation/snack_bar_route.dart
FNF:0
FNH:0
DA:5,0
DA:8,0
DA:9,0
DA:10,0
LF:4
LH:0
end_of_record
TN:
SF:lib/ui/pages/account_backup/account_backup_intro/account_backup_intro_initial_params.dart
FNF:0
FNH:0
DA:4,1
LF:1
LH:1
end_of_record
TN:
SF:lib/ui/pages/account_backup/account_backup_intro/account_backup_intro_navigator.dart
FNF:0
FNH:0
DA:14,1
DA:23,0
DA:26,0
DA:27,0
DA:28,0
LF:5
LH:1
end_of_record
TN:
SF:lib/ui/pages/account_backup/account_backup_intro/account_backup_intro_page.dart
FNF:0
FNH:0
DA:12,1
DA:15,1
DA:19,1
DA:20,1
DA:22,0
DA:24,0
DA:25,0
DA:30,3
DA:32,3
DA:34,1
DA:36,1
DA:37,4
DA:40,1
DA:42,1
DA:43,1
DA:47,1
DA:48,1
DA:49,1
DA:50,1
DA:51,2
DA:55,1
DA:56,2
DA:57,1
DA:59,1
DA:60,1
DA:61,2
DA:62,1
DA:64,2
DA:65,1
DA:66,2
DA:67,1
DA:70,1
DA:71,2
DA:73,2
DA:74,1
DA:75,2
DA:77,2
DA:78,1
DA:79,2
DA:81,2
DA:83,1
DA:84,6
DA:85,2
DA:87,1
DA:88,2
DA:90,1
DA:91,2
DA:92,2
DA:94,1
DA:95,2
DA:97,1
DA:98,2
DA:99,2
DA:109,0
DA:111,0
DA:113,0
DA:114,0
LF:57
LH:50
end_of_record
TN:
SF:lib/ui/pages/account_backup/account_backup_intro/account_backup_intro_presentation_model.dart
FNF:0
FNH:0
DA:14,1
DA:22,1
DA:23,3
DA:25,0
LF:4
LH:3
end_of_record
TN:
SF:lib/ui/pages/account_backup/account_backup_intro/account_backup_intro_presenter.dart
FNF:0
FNH:0
DA:8,1
DA:16,2
DA:18,0
DA:20,0
DA:21,0
DA:22,0
DA:23,0
DA:27,0
DA:31,0
DA:32,0
DA:33,0
DA:34,0
LF:12
LH:2
end_of_record
TN:
SF:lib/ui/pages/account_backup/account_backup_intro/backup_later_confirmation_sheet.dart
FNF:0
FNH:0
DA:8,20
DA:14,20
DA:16,0
DA:17,0
DA:23,0
DA:25,0
DA:26,0
DA:27,0
DA:28,0
DA:29,0
DA:31,0
DA:34,0
DA:35,0
DA:36,0
DA:38,0
DA:40,0
DA:41,0
DA:43,0
DA:44,0
DA:45,0
DA:46,0
DA:48,0
DA:49,0
DA:51,0
DA:52,0
DA:53,0
DA:54,0
DA:55,0
DA:58,0
DA:59,0
DA:61,0
DA:62,0
DA:63,0
DA:71,0
DA:73,0
DA:74,0
DA:81,0
DA:82,0
DA:83,0
DA:85,0
LF:40
LH:2
end_of_record
TN:
SF:lib/ui/pages/account_backup/account_cloud_backup/account_cloud_backup_initial_params.dart
FNF:0
FNH:0
DA:2,20
LF:1
LH:1
end_of_record
TN:
SF:lib/ui/pages/account_backup/account_cloud_backup/account_cloud_backup_navigator.dart
FNF:0
FNH:0
DA:9,0
DA:18,0
DA:19,0
DA:20,0
DA:21,0
LF:5
LH:0
end_of_record
TN:
SF:lib/ui/pages/account_backup/account_cloud_backup/account_cloud_backup_page.dart
FNF:0
FNH:0
DA:10,0
DA:14,0
DA:19,0
DA:20,0
DA:22,0
DA:24,0
DA:26,0
DA:27,0
DA:34,0
DA:36,0
DA:38,0
DA:39,0
DA:40,0
DA:41,0
DA:42,0
DA:44,0
DA:47,0
DA:56,0
DA:58,0
DA:60,0
DA:61,0
LF:21
LH:0
end_of_record
TN:
SF:lib/ui/pages/account_backup/account_cloud_backup/account_cloud_backup_presentation_model.dart
FNF:0
FNH:0
DA:9,0
LF:1
LH:0
end_of_record
TN:
SF:lib/ui/pages/account_backup/account_cloud_backup/account_cloud_backup_presenter.dart
FNF:0
FNH:0
DA:5,0
DA:13,0
LF:2
LH:0
end_of_record
TN:
SF:lib/ui/pages/account_backup/account_manual_backup/account_manual_backup_initial_params.dart
FNF:0
FNH:0
DA:4,2
LF:1
LH:1
end_of_record
TN:
SF:lib/ui/pages/account_backup/account_manual_backup/account_manual_backup_navigator.dart
FNF:0
FNH:0
DA:12,1
DA:21,0
DA:22,0
DA:23,0
DA:24,0
LF:5
LH:1
end_of_record
TN:
SF:lib/ui/pages/account_backup/account_manual_backup/account_manual_backup_page.dart
FNF:0
FNH:0
DA:15,1
DA:19,1
DA:24,1
DA:25,1
DA:27,0
DA:29,0
DA:31,0
DA:32,0
DA:37,3
DA:39,3
DA:42,1
DA:44,1
DA:45,4
DA:46,2
DA:47,4
DA:48,1
DA:49,3
DA:50,0
DA:51,0
DA:58,1
DA:60,1
DA:61,2
DA:64,1
DA:66,1
DA:68,1
DA:69,1
DA:71,1
DA:72,1
DA:73,2
DA:74,1
DA:75,3
DA:76,1
DA:77,3
DA:78,1
DA:88,0
DA:90,0
DA:92,0
DA:93,0
LF:38
LH:28
end_of_record
TN:
SF:lib/ui/pages/account_backup/account_manual_backup/account_manual_backup_presentation_model.dart
FNF:0
FNH:0
DA:6,20
DA:33,1
DA:34,4
DA:39,1
DA:40,2
DA:42,3
DA:44,0
DA:46,1
DA:47,2
DA:49,1
DA:50,2
DA:52,1
DA:53,2
DA:55,1
DA:57,9
DA:59,1
DA:60,3
DA:62,1
DA:63,2
DA:65,1
DA:66,3
DA:74,0
DA:79,6
DA:84,0
DA:89,6
LF:25
LH:22
end_of_record
TN:
SF:lib/ui/pages/account_backup/account_manual_backup/account_manual_backup_presenter.dart
FNF:0
FNH:0
DA:7,1
DA:17,2
DA:19,0
DA:20,0
DA:23,0
DA:26,0
DA:27,0
DA:30,0
DA:33,0
DA:34,0
DA:37,0
DA:38,0
DA:39,0
DA:43,0
DA:45,0
DA:47,0
DA:48,0
DA:49,0
DA:50,0
LF:19
LH:2
end_of_record
TN:
SF:lib/ui/pages/account_backup/account_manual_backup/widgets/manual_backup_confirm_step.dart
FNF:0
FNH:0
DA:11,1
DA:15,1
DA:20,1
DA:22,1
DA:23,1
DA:24,2
DA:25,1
DA:26,2
DA:28,1
DA:29,1
DA:30,1
DA:31,1
DA:33,1
DA:34,1
DA:35,2
DA:37,3
DA:39,1
DA:40,2
DA:41,2
DA:42,2
DA:44,2
DA:45,1
DA:48,6
DA:49,2
DA:55,1
DA:56,2
DA:57,2
DA:58,0
DA:67,0
DA:69,0
DA:71,0
DA:72,0
LF:32
LH:27
end_of_record
TN:
SF:lib/ui/pages/account_backup/account_manual_backup/widgets/manual_backup_intro_step.dart
FNF:0
FNH:0
DA:10,1
DA:14,1
DA:19,1
DA:21,1
DA:22,1
DA:23,2
DA:24,1
DA:25,2
DA:27,1
DA:28,1
DA:29,2
DA:31,3
DA:33,2
DA:34,1
DA:35,2
DA:38,2
DA:39,1
DA:41,1
DA:42,1
DA:43,1
DA:44,2
DA:49,1
DA:51,2
DA:52,2
DA:54,2
DA:55,1
DA:56,0
DA:57,2
DA:59,3
DA:61,2
DA:62,1
DA:63,2
DA:64,2
DA:65,0
DA:74,0
DA:76,0
DA:78,0
DA:79,0
LF:38
LH:32
end_of_record
TN:
SF:lib/ui/pages/account_backup/account_manual_backup/widgets/manual_backup_success_step.dart
FNF:0
FNH:0
DA:6,20
DA:8,1
DA:10,1
DA:13,1
DA:15,3
DA:16,1
DA:17,2
DA:18,3
LF:8
LH:8
end_of_record
TN:
SF:lib/ui/pages/account_backup/account_manual_backup/widgets/selected_mnemonic_words_area.dart
FNF:0
FNH:0
DA:9,1
DA:14,1
DA:20,1
DA:22,1
DA:23,1
DA:24,5
DA:25,1
DA:26,1
DA:27,1
DA:29,1
DA:30,2
DA:31,1
DA:32,1
DA:33,1
DA:34,1
DA:35,1
DA:36,1
DA:37,1
DA:38,0
DA:40,0
DA:42,0
DA:45,1
DA:47,1
DA:48,0
DA:52,0
DA:53,0
DA:55,0
DA:56,0
DA:68,0
DA:70,0
DA:72,0
DA:73,0
DA:74,0
LF:33
LH:20
end_of_record
TN:
SF:lib/ui/pages/account_details/account_details_initial_params.dart
FNF:0
FNH:0
DA:2,21
LF:1
LH:1
end_of_record
TN:
SF:lib/ui/pages/account_details/account_details_navigator.dart
FNF:0
FNH:0
DA:27,1
DA:40,0
DA:41,0
DA:43,0
DA:45,0
LF:5
LH:1
end_of_record
TN:
SF:lib/ui/pages/account_details/account_details_page.dart
FNF:0
FNH:0
DA:16,1
DA:19,1
DA:22,1
DA:23,1
DA:25,0
DA:27,0
DA:28,0
DA:33,3
DA:35,3
DA:40,1
DA:42,1
DA:43,4
DA:46,1
DA:48,1
DA:49,1
DA:50,1
DA:51,1
DA:52,1
DA:53,1
DA:54,2
DA:55,2
DA:58,1
DA:59,1
DA:60,2
DA:61,1
DA:62,2
DA:63,1
DA:64,1
DA:65,2
DA:71,1
DA:72,2
DA:73,1
DA:75,1
DA:76,2
DA:77,1
DA:78,4
DA:79,2
DA:81,1
DA:82,2
DA:83,1
DA:84,1
DA:85,3
DA:88,2
DA:89,1
DA:90,2
DA:91,2
DA:93,2
DA:94,1
DA:95,2
DA:97,1
DA:98,1
DA:99,2
DA:100,2
DA:102,2
DA:103,2
DA:106,2
DA:107,0
DA:108,0
DA:109,0
DA:110,0
DA:123,0
DA:125,0
DA:127,0
DA:128,0
LF:64
LH:53
end_of_record
TN:
SF:lib/ui/pages/account_details/account_details_presentation_model.dart
FNF:0
FNH:0
DA:29,1
DA:41,3
DA:43,1
DA:44,2
DA:46,1
DA:47,2
DA:49,1
DA:50,4
DA:52,1
DA:53,3
DA:55,1
DA:56,4
DA:58,1
DA:59,3
DA:61,1
DA:62,2
DA:68,0
DA:69,0
LF:18
LH:16
end_of_record
TN:
SF:lib/ui/pages/account_details/account_details_presenter.dart
FNF:0
FNH:0
DA:14,1
DA:22,2
DA:24,0
DA:25,0
DA:27,0
DA:31,0
DA:35,0
DA:37,0
DA:39,0
DA:40,0
DA:43,0
DA:46,0
DA:47,0
DA:49,0
DA:50,0
DA:51,0
DA:52,0
DA:53,0
LF:18
LH:2
end_of_record
TN:
SF:lib/ui/pages/account_details/widgets/asset_portfolio_heading.dart
FNF:0
FNH:0
DA:6,1
DA:11,1
DA:17,1
DA:19,1
DA:20,1
DA:21,1
DA:22,5
DA:23,1
DA:24,3
DA:25,1
DA:31,0
DA:33,0
DA:35,0
DA:36,0
DA:37,0
LF:15
LH:10
end_of_record
TN:
SF:lib/ui/pages/account_details/widgets/assets_list.dart
FNF:0
FNH:0
DA:8,1
DA:13,1
DA:20,1
DA:22,1
DA:23,1
DA:24,1
DA:25,2
DA:26,1
DA:27,1
DA:28,1
DA:31,1
DA:35,0
DA:37,0
DA:39,0
DA:40,0
DA:41,0
DA:43,0
DA:46,0
LF:18
LH:11
end_of_record
TN:
SF:lib/ui/pages/account_details/widgets/balance_card.dart
FNF:0
FNH:0
DA:7,1
DA:12,1
DA:18,1
DA:20,1
DA:22,1
DA:23,5
DA:24,1
DA:25,3
DA:26,4
DA:28,4
DA:29,1
DA:32,1
DA:33,1
DA:34,3
DA:35,4
DA:37,1
DA:38,2
DA:39,4
DA:46,0
DA:48,0
DA:50,0
DA:51,0
DA:52,0
LF:23
LH:18
end_of_record
TN:
SF:lib/ui/pages/account_details/widgets/balance_heading.dart
FNF:0
FNH:0
DA:8,1
DA:11,1
DA:14,1
DA:16,1
DA:17,3
DA:18,1
DA:20,1
DA:21,6
DA:22,3
DA:28,0
DA:30,0
DA:31,0
LF:12
LH:9
end_of_record
TN:
SF:lib/ui/pages/account_details/widgets/button_bar.dart
FNF:0
FNH:0
DA:7,1
DA:11,1
DA:16,1
DA:18,1
DA:19,1
DA:20,1
DA:21,1
DA:22,1
DA:23,1
DA:24,2
DA:27,2
DA:28,1
DA:29,1
DA:30,2
DA:31,1
DA:38,0
DA:40,0
DA:42,0
DA:43,0
LF:19
LH:15
end_of_record
TN:
SF:lib/ui/pages/accounts_list/accounts_list_initial_params.dart
FNF:0
FNH:0
DA:2,41
LF:1
LH:1
end_of_record
TN:
SF:lib/ui/pages/accounts_list/accounts_list_navigator.dart
FNF:0
FNH:0
DA:30,0
DA:39,0
DA:40,0
DA:42,0
LF:4
LH:0
end_of_record
TN:
SF:lib/ui/pages/accounts_list/accounts_list_presentation_model.dart
FNF:0
FNH:0
DA:17,1
DA:22,0
DA:23,0
DA:25,0
DA:26,0
DA:28,1
DA:29,2
DA:31,0
DA:32,0
DA:39,0
LF:10
LH:3
end_of_record
TN:
SF:lib/ui/pages/accounts_list/accounts_list_presenter.dart
FNF:0
FNH:0
DA:17,1
DA:29,0
DA:31,0
DA:33,1
DA:34,3
DA:35,0
DA:36,2
DA:38,2
DA:41,0
DA:43,0
DA:45,0
DA:47,0
DA:49,0
DA:50,0
DA:51,0
DA:52,0
DA:55,0
DA:56,0
DA:58,0
DA:60,0
DA:61,0
DA:65,0
DA:66,0
DA:68,0
DA:70,0
DA:72,0
DA:77,0
DA:78,0
DA:79,0
LF:29
LH:5
end_of_record
TN:
SF:lib/ui/pages/accounts_list/accounts_list_sheet.dart
FNF:0
FNH:0
DA:17,20
DA:21,0
DA:26,0
DA:27,0
DA:29,0
DA:31,0
DA:33,0
DA:34,0
DA:41,0
DA:43,0
DA:45,0
DA:47,0
DA:48,0
DA:49,0
DA:50,0
DA:51,0
DA:53,0
DA:56,0
DA:58,0
DA:59,0
DA:61,0
DA:62,0
DA:63,0
DA:64,0
DA:65,0
DA:67,0
DA:68,0
DA:70,0
DA:71,0
DA:73,0
DA:74,0
DA:75,0
DA:76,0
DA:78,0
DA:80,0
DA:81,0
DA:83,0
DA:84,0
DA:85,0
DA:86,0
DA:87,0
DA:89,0
DA:90,0
DA:91,0
DA:92,0
DA:94,0
DA:103,0
DA:104,0
DA:105,0
DA:106,0
DA:107,0
DA:108,0
DA:109,0
DA:110,0
DA:111,0
DA:117,0
DA:119,0
DA:121,0
DA:122,0
DA:123,0
LF:60
LH:1
end_of_record
TN:
SF:lib/ui/pages/add_account/account_name/account_name_initial_params.dart
FNF:0
FNH:0
DA:2,41
LF:1
LH:1
end_of_record
TN:
SF:lib/ui/pages/add_account/account_name/account_name_navigator.dart
FNF:0
FNH:0
DA:11,1
DA:20,0
DA:21,0
DA:22,0
DA:23,0
LF:5
LH:1
end_of_record
TN:
SF:lib/ui/pages/add_account/account_name/account_name_page.dart
FNF:0
FNH:0
DA:10,1
DA:13,1
DA:16,1
DA:17,1
DA:19,0
DA:21,0
DA:22,0
DA:27,3
DA:29,0
DA:31,1
DA:33,1
DA:34,4
DA:37,1
DA:39,1
DA:40,1
DA:42,1
DA:43,1
DA:44,2
DA:45,1
DA:48,1
DA:49,2
DA:50,1
DA:51,2
DA:52,3
DA:54,2
DA:55,3
DA:56,2
DA:57,1
DA:58,2
DA:59,2
DA:62,1
DA:63,2
DA:64,2
DA:74,0
DA:76,0
DA:78,0
DA:79,0
LF:37
LH:29
end_of_record
TN:
SF:lib/ui/pages/add_account/account_name/account_name_presentation_model.dart
FNF:0
FNH:0
DA:9,1
DA:13,0
DA:21,0
LF:3
LH:1
end_of_record
TN:
SF:lib/ui/pages/add_account/account_name/account_name_presenter.dart
FNF:0
FNH:0
DA:5,1
DA:13,0
DA:15,0
DA:18,0
LF:4
LH:1
end_of_record
TN:
SF:lib/ui/pages/add_account/add_account_initial_params.dart
FNF:0
FNH:0
DA:2,60
LF:1
LH:1
end_of_record
TN:
SF:lib/ui/pages/add_account/add_account_navigator.dart
FNF:0
FNH:0
DA:23,1
DA:32,0
DA:33,0
DA:34,0
LF:4
LH:1
end_of_record
TN:
SF:lib/ui/pages/add_account/add_account_page.dart
FNF:0
FNH:0
DA:10,1
DA:13,1
DA:17,0
DA:18,0
DA:20,0
DA:22,0
DA:23,0
DA:28,0
DA:30,0
DA:32,0
DA:34,0
DA:35,0
DA:36,0
DA:37,0
DA:41,0
DA:43,0
DA:44,0
DA:45,0
DA:46,0
DA:47,0
DA:48,0
DA:56,0
DA:58,0
DA:60,0
DA:61,0
LF:25
LH:2
end_of_record
TN:
SF:lib/ui/pages/add_account/add_account_presentation_model.dart
FNF:0
FNH:0
DA:18,1
DA:22,0
DA:23,0
DA:25,0
DA:27,0
DA:29,0
DA:31,0
DA:32,0
DA:33,0
DA:34,0
DA:46,0
DA:47,0
DA:52,0
DA:53,0
LF:14
LH:1
end_of_record
TN:
SF:lib/ui/pages/add_account/add_account_presenter.dart
FNF:0
FNH:0
DA:21,1
DA:33,0
DA:35,0
DA:36,0
DA:38,0
DA:40,0
DA:44,0
DA:46,0
DA:50,0
DA:51,0
DA:55,0
DA:56,0
DA:58,0
DA:59,0
DA:60,0
DA:61,0
DA:62,0
DA:63,0
DA:71,0
DA:72,0
DA:73,0
DA:74,0
DA:77,0
DA:81,0
DA:83,0
DA:84,0
DA:85,0
DA:86,0
DA:87,0
DA:88,0
DA:91,0
LF:31
LH:1
end_of_record
TN:
SF:lib/ui/pages/add_account/add_account_result.dart
FNF:0
FNH:0
DA:6,0
DA:11,1
DA:18,0
DA:19,0
DA:20,0
DA:21,0
LF:6
LH:1
end_of_record
TN:
SF:lib/ui/pages/asset_details/asset_details_initial_params.dart
FNF:0
FNH:0
DA:5,0
LF:1
LH:0
end_of_record
TN:
SF:lib/ui/pages/asset_details/asset_details_navigator.dart
FNF:0
FNH:0
DA:11,0
DA:20,0
DA:21,0
DA:22,0
DA:23,0
LF:5
LH:0
end_of_record
TN:
SF:lib/ui/pages/asset_details/asset_details_page.dart
FNF:0
FNH:0
DA:20,0
DA:24,0
DA:29,0
DA:30,0
DA:32,0
DA:34,0
DA:36,0
DA:37,0
DA:38,0
DA:46,0
DA:48,0
DA:50,0
DA:51,0
DA:52,0
DA:53,0
DA:54,0
DA:56,0
DA:57,0
DA:60,0
DA:62,0
DA:63,0
DA:64,0
DA:65,0
DA:66,0
DA:67,0
DA:68,0
DA:70,0
DA:74,0
DA:75,0
DA:76,0
DA:78,0
DA:79,0
DA:80,0
DA:81,0
DA:82,0
DA:83,0
DA:84,0
DA:87,0
DA:88,0
DA:89,0
DA:90,0
DA:92,0
DA:93,0
DA:95,0
DA:97,0
DA:98,0
DA:99,0
DA:100,0
DA:101,0
DA:102,0
DA:105,0
DA:106,0
DA:107,0
DA:109,0
DA:113,0
DA:114,0
DA:115,0
DA:125,0
DA:127,0
DA:129,0
DA:130,0
LF:61
LH:0
end_of_record
TN:
SF:lib/ui/pages/asset_details/asset_details_presentation_model.dart
FNF:0
FNH:0
DA:30,0
DA:38,0
DA:40,0
DA:41,0
DA:43,0
DA:44,0
DA:46,0
DA:48,0
DA:50,0
DA:51,0
DA:53,0
DA:54,0
DA:56,0
DA:57,0
DA:59,0
DA:60,0
DA:62,0
DA:68,0
DA:69,0
DA:73,0
LF:20
LH:0
end_of_record
TN:
SF:lib/ui/pages/asset_details/asset_details_presenter.dart
FNF:0
FNH:0
DA:9,0
DA:19,0
DA:21,0
DA:22,0
DA:25,0
DA:26,0
DA:27,0
DA:28,0
DA:30,0
DA:31,0
DA:32,0
DA:36,0
DA:37,0
DA:38,0
DA:42,0
DA:43,0
LF:16
LH:0
end_of_record
TN:
SF:lib/ui/pages/asset_details/widgets/asset_prices_summary_row.dart
FNF:0
FNH:0
DA:9,0
DA:13,0
DA:18,0
DA:20,0
DA:24,0
DA:25,0
DA:26,0
DA:27,0
DA:31,0
DA:32,0
DA:33,0
DA:34,0
DA:35,0
DA:36,0
DA:40,0
DA:41,0
DA:42,0
DA:50,0
DA:52,0
DA:54,0
DA:55,0
LF:21
LH:0
end_of_record
TN:
SF:lib/ui/pages/asset_details/widgets/chain_card.dart
FNF:0
FNH:0
DA:7,0
DA:11,0
DA:16,0
DA:18,0
DA:19,0
DA:21,0
DA:22,0
DA:23,0
DA:24,0
DA:25,0
DA:27,0
DA:30,0
DA:31,0
DA:32,0
DA:33,0
DA:35,0
DA:36,0
DA:37,0
DA:44,0
DA:46,0
DA:48,0
DA:49,0
LF:22
LH:0
end_of_record
TN:
SF:lib/ui/pages/asset_details/widgets/chains_list.dart
FNF:0
FNH:0
DA:9,0
DA:14,0
DA:20,0
DA:22,0
DA:23,0
DA:24,0
DA:25,0
DA:26,0
DA:27,0
DA:29,0
DA:32,0
DA:37,0
DA:39,0
DA:41,0
DA:42,0
DA:43,0
LF:16
LH:0
end_of_record
TN:
SF:lib/ui/pages/edit_account/edit_account_navigator.dart
FNF:0
FNH:0
DA:7,0
DA:12,0
DA:13,0
DA:14,0
DA:15,0
DA:16,0
DA:19,0
DA:20,0
DA:25,0
LF:9
LH:0
end_of_record
TN:
SF:lib/ui/pages/import_account/import_account_initial_params.dart
FNF:0
FNH:0
DA:2,60
LF:1
LH:1
end_of_record
TN:
SF:lib/ui/pages/import_account/import_account_navigator.dart
FNF:0
FNH:0
DA:15,0
DA:24,0
DA:27,0
DA:28,0
DA:29,0
DA:30,0
LF:6
LH:0
end_of_record
TN:
SF:lib/ui/pages/import_account/import_account_page.dart
FNF:0
FNH:0
DA:13,0
DA:17,0
DA:22,0
DA:23,0
DA:25,0
DA:27,0
DA:29,0
DA:30,0
DA:37,0
DA:39,0
DA:41,0
DA:42,0
DA:43,0
DA:44,0
DA:45,0
DA:47,0
DA:48,0
DA:51,0
DA:53,0
DA:54,0
DA:55,0
DA:56,0
DA:57,0
DA:58,0
DA:66,0
DA:68,0
DA:70,0
DA:71,0
LF:28
LH:0
end_of_record
TN:
SF:lib/ui/pages/import_account/import_account_presentation_model.dart
FNF:0
FNH:0
DA:17,0
DA:21,0
DA:23,0
DA:24,0
DA:26,0
DA:28,0
DA:29,0
DA:41,0
DA:44,0
LF:9
LH:0
end_of_record
TN:
SF:lib/ui/pages/import_account/import_account_presenter.dart
FNF:0
FNH:0
DA:18,0
DA:29,0
DA:31,0
DA:33,0
DA:37,0
DA:39,0
DA:41,0
DA:43,0
DA:45,0
DA:47,0
DA:48,0
DA:49,0
DA:50,0
DA:51,0
DA:56,0
DA:58,0
DA:59,0
DA:60,0
DA:61,0
DA:64,0
DA:68,0
LF:21
LH:0
end_of_record
TN:
SF:lib/ui/pages/mnemonic_import/mnemonic_import_initial_params.dart
FNF:0
FNH:0
DA:2,20
LF:1
LH:1
end_of_record
TN:
SF:lib/ui/pages/mnemonic_import/mnemonic_import_navigator.dart
FNF:0
FNH:0
DA:12,0
DA:21,0
DA:22,0
DA:23,0
DA:24,0
LF:5
LH:0
end_of_record
TN:
SF:lib/ui/pages/mnemonic_import/mnemonic_import_page.dart
FNF:0
FNH:0
DA:15,0
DA:19,0
DA:24,0
DA:25,0
DA:27,0
DA:29,0
DA:31,0
DA:32,0
DA:39,0
DA:42,0
DA:44,0
DA:45,0
DA:46,0
DA:47,0
DA:48,0
DA:50,0
DA:51,0
DA:52,0
DA:56,0
DA:58,0
DA:59,0
DA:60,0
DA:62,0
DA:63,0
DA:64,0
DA:65,0
DA:66,0
DA:68,0
DA:70,0
DA:71,0
DA:72,0
DA:73,0
DA:74,0
DA:76,0
DA:79,0
DA:80,0
DA:81,0
DA:82,0
DA:84,0
DA:85,0
DA:86,0
DA:90,0
DA:91,0
DA:92,0
DA:93,0
DA:95,0
DA:96,0
DA:97,0
DA:98,0
DA:110,0
DA:112,0
DA:114,0
DA:115,0
LF:53
LH:0
end_of_record
TN:
SF:lib/ui/pages/mnemonic_import/mnemonic_import_presentation_model.dart
FNF:0
FNH:0
DA:17,0
DA:21,0
DA:22,0
DA:24,0
DA:25,0
DA:27,0
DA:28,0
DA:30,0
DA:31,0
DA:33,0
DA:41,0
LF:11
LH:0
end_of_record
TN:
SF:lib/ui/pages/mnemonic_import/mnemonic_import_presenter.dart
FNF:0
FNH:0
DA:8,0
DA:18,0
DA:20,0
DA:21,0
DA:22,0
DA:25,0
DA:27,0
DA:30,0
LF:8
LH:0
end_of_record
TN:
SF:lib/ui/pages/onboarding/onboarding_initial_params.dart
FNF:0
FNH:0
DA:2,41
LF:1
LH:1
end_of_record
TN:
SF:lib/ui/pages/onboarding/onboarding_navigator.dart
FNF:0
FNH:0
DA:16,1
DA:26,0
DA:27,0
DA:28,0
LF:4
LH:1
end_of_record
TN:
SF:lib/ui/pages/onboarding/onboarding_page.dart
FNF:0
FNH:0
DA:12,1
DA:15,1
DA:19,1
DA:20,1
DA:22,0
DA:24,0
DA:25,0
DA:30,3
DA:32,0
DA:34,1
DA:36,1
DA:37,4
DA:40,1
DA:42,1
DA:43,1
DA:44,1
DA:45,1
DA:46,1
DA:47,1
DA:48,2
DA:52,1
DA:53,1
DA:54,1
DA:55,1
DA:57,1
DA:59,1
DA:60,1
DA:62,2
DA:64,2
DA:65,2
DA:66,1
DA:67,2
DA:68,1
DA:70,1
DA:71,2
DA:72,2
DA:77,1
DA:78,2
DA:79,2
DA:81,1
DA:82,2
DA:84,1
DA:85,2
DA:86,2
DA:96,0
DA:98,0
DA:100,0
DA:101,0
LF:48
LH:40
end_of_record
TN:
SF:lib/ui/pages/onboarding/onboarding_presentation_model.dart
FNF:0
FNH:0
DA:7,1
LF:1
LH:1
end_of_record
TN:
SF:lib/ui/pages/onboarding/onboarding_presenter.dart
FNF:0
FNH:0
DA:8,2
DA:16,0
DA:18,1
DA:19,3
DA:21,3
DA:25,1
DA:26,3
DA:28,3
LF:8
LH:7
end_of_record
TN:
SF:lib/ui/pages/onboarding/widgets/welcome_splash.dart
FNF:0
FNH:0
DA:6,0
DA:8,0
DA:10,0
DA:11,0
DA:13,0
DA:14,0
DA:17,0
DA:18,0
DA:22,0
DA:23,0
DA:24,0
DA:25,0
DA:28,0
DA:29,0
DA:31,0
LF:15
LH:0
end_of_record
TN:
SF:lib/ui/pages/passcode/passcode_initial_params.dart
FNF:0
FNH:0
DA:2,80
LF:1
LH:1
end_of_record
TN:
SF:lib/ui/pages/passcode/passcode_navigator.dart
FNF:0
FNH:0
DA:12,0
DA:21,0
DA:22,0
DA:23,0
LF:4
LH:0
end_of_record
TN:
SF:lib/ui/pages/passcode/passcode_page.dart
FNF:0
FNH:0
DA:13,0
DA:17,0
DA:22,0
DA:23,0
DA:25,0
DA:27,0
DA:29,0
DA:30,0
DA:37,0
DA:39,0
DA:41,0
DA:42,0
DA:43,0
DA:44,0
DA:45,0
DA:47,0
DA:50,0
DA:51,0
DA:52,0
DA:53,0
DA:54,0
DA:55,0
DA:59,0
DA:61,0
DA:62,0
DA:63,0
DA:64,0
DA:66,0
DA:67,0
DA:68,0
DA:69,0
DA:70,0
DA:71,0
DA:72,0
DA:80,0
DA:82,0
DA:84,0
DA:85,0
LF:38
LH:0
end_of_record
TN:
SF:lib/ui/pages/passcode/passcode_presentation_model.dart
FNF:0
FNH:0
DA:10,20
DA:28,0
DA:38,0
DA:39,0
DA:41,0
DA:42,0
DA:44,0
DA:45,0
DA:47,0
DA:49,0
DA:51,0
DA:53,0
DA:54,0
DA:56,0
DA:59,0
DA:67,0
DA:72,0
DA:77,0
DA:82,0
DA:83,0
DA:88,0
LF:21
LH:1
end_of_record
TN:
SF:lib/ui/pages/passcode/passcode_presenter.dart
FNF:0
FNH:0
DA:12,0
DA:24,0
DA:26,0
DA:27,0
DA:28,0
DA:29,0
DA:30,0
DA:31,0
DA:32,0
DA:34,0
DA:37,0
DA:38,0
DA:39,0
DA:44,0
DA:45,0
DA:46,0
DA:47,0
DA:48,0
DA:49,0
DA:50,0
DA:51,0
DA:52,0
DA:54,0
DA:56,0
DA:57,0
DA:63,0
DA:64,0
DA:65,0
DA:66,0
DA:67,0
DA:68,0
DA:69,0
DA:71,0
DA:73,0
DA:75,0
DA:76,0
DA:82,0
DA:83,0
DA:84,0
DA:85,0
DA:86,0
DA:88,0
LF:42
LH:0
end_of_record
TN:
SF:lib/ui/pages/receive/receive_initial_params.dart
FNF:0
FNH:0
DA:4,0
LF:1
LH:0
end_of_record
TN:
SF:lib/ui/pages/receive/receive_navigator.dart
FNF:0
FNH:0
DA:12,0
DA:21,0
DA:22,0
DA:24,0
DA:25,0
LF:5
LH:0
end_of_record
TN:
SF:lib/ui/pages/receive/receive_page.dart
FNF:0
FNH:0
DA:16,0
DA:20,0
DA:25,0
DA:26,0
DA:28,0
DA:30,0
DA:32,0
DA:33,0
DA:40,0
DA:42,0
DA:44,0
DA:45,0
DA:46,0
DA:47,0
DA:48,0
DA:50,0
DA:53,0
DA:55,0
DA:56,0
DA:57,0
DA:59,0
DA:60,0
DA:61,0
DA:63,0
DA:64,0
DA:65,0
DA:66,0
DA:69,0
DA:70,0
DA:72,0
DA:73,0
DA:74,0
DA:76,0
DA:77,0
DA:78,0
DA:83,0
DA:84,0
DA:86,0
DA:87,0
DA:88,0
DA:89,0
DA:90,0
DA:91,0
DA:99,0
DA:101,0
DA:103,0
DA:104,0
LF:47
LH:0
end_of_record
TN:
SF:lib/ui/pages/receive/receive_presentation_model.dart
FNF:0
FNH:0
DA:12,0
DA:16,0
DA:18,0
DA:19,0
DA:21,0
DA:22,0
LF:6
LH:0
end_of_record
TN:
SF:lib/ui/pages/receive/receive_presenter.dart
FNF:0
FNH:0
DA:10,0
DA:22,0
DA:24,0
DA:26,0
DA:27,0
DA:28,0
DA:31,0
LF:7
LH:0
end_of_record
TN:
SF:lib/ui/pages/receive/widgets/receive_header.dart
FNF:0
FNH:0
DA:7,0
DA:10,0
DA:14,0
DA:16,0
DA:18,0
DA:19,0
DA:20,0
DA:21,0
DA:27,0
DA:29,0
DA:30,0
LF:11
LH:0
end_of_record
TN:
SF:lib/ui/pages/rename_account/rename_account_initial_parameters.dart
FNF:0
FNH:0
DA:4,1
LF:1
LH:1
end_of_record
TN:
SF:lib/ui/pages/rename_account/rename_account_navigator.dart
FNF:0
FNH:0
DA:11,1
DA:20,0
DA:21,0
DA:22,0
LF:4
LH:1
end_of_record
TN:
SF:lib/ui/pages/rename_account/rename_account_page.dart
FNF:0
FNH:0
DA:9,1
DA:12,1
DA:16,1
DA:17,1
DA:19,0
DA:21,0
DA:22,0
DA:27,3
DA:29,3
DA:31,1
DA:33,1
DA:34,4
DA:35,5
DA:38,1
DA:40,1
DA:42,1
DA:43,1
DA:45,2
DA:47,1
DA:48,1
DA:49,1
DA:50,1
DA:51,3
DA:52,1
DA:53,2
DA:55,2
DA:59,1
DA:60,2
DA:61,1
DA:62,1
DA:63,1
DA:64,1
DA:66,2
DA:72,4
DA:79,0
DA:81,0
DA:83,0
DA:84,0
LF:38
LH:31
end_of_record
TN:
SF:lib/ui/pages/rename_account/rename_account_presentation_model.dart
FNF:0
FNH:0
DA:16,1
DA:20,0
DA:22,1
DA:24,6
DA:26,0
DA:28,0
DA:29,0
DA:39,0
DA:42,0
DA:44,0
LF:10
LH:3
end_of_record
TN:
SF:lib/ui/pages/rename_account/rename_account_presenter.dart
FNF:0
FNH:0
DA:7,1
DA:18,2
DA:20,0
DA:21,0
DA:22,0
DA:23,0
DA:24,0
DA:26,0
DA:27,0
DA:28,0
DA:33,0
DA:35,1
LF:12
LH:3
end_of_record
TN:
SF:lib/ui/pages/routing/routing_initial_params.dart
FNF:0
FNH:0
DA:2,83
LF:1
LH:1
end_of_record
TN:
SF:lib/ui/pages/routing/routing_navigator.dart
FNF:0
FNH:0
DA:13,0
DA:22,0
DA:24,0
DA:26,0
DA:27,0
DA:28,0
LF:6
LH:0
end_of_record
TN:
SF:lib/ui/pages/routing/routing_page.dart
FNF:0
FNH:0
DA:11,22
DA:15,0
DA:20,0
DA:21,0
DA:23,0
DA:25,0
DA:27,0
DA:28,0
DA:35,0
DA:37,0
DA:39,0
DA:40,0
DA:41,0
DA:42,0
DA:43,0
DA:45,0
DA:46,0
DA:49,0
DA:58,0
DA:60,0
DA:62,0
DA:63,0
LF:22
LH:1
end_of_record
TN:
SF:lib/ui/pages/routing/routing_presentation_model.dart
FNF:0
FNH:0
DA:8,1
DA:13,3
DA:15,3
LF:3
LH:3
end_of_record
TN:
SF:lib/ui/pages/routing/routing_presenter.dart
FNF:0
FNH:0
DA:7,1
DA:17,0
DA:19,1
DA:20,2
DA:21,3
DA:23,3
DA:24,3
DA:26,0
LF:8
LH:6
end_of_record
TN:
SF:lib/ui/pages/scan_qr/scan_qr_initial_params.dart
FNF:0
FNH:0
DA:2,20
LF:1
LH:1
end_of_record
TN:
SF:lib/ui/pages/scan_qr/scan_qr_navigator.dart
FNF:0
FNH:0
DA:12,0
DA:21,0
DA:22,0
DA:23,0
LF:4
LH:0
end_of_record
TN:
SF:lib/ui/pages/scan_qr/scan_qr_page.dart
FNF:0
FNH:0
DA:8,0
DA:11,0
DA:14,0
DA:15,0
DA:17,0
DA:19,0
DA:20,0
DA:25,0
DA:27,0
DA:29,0
DA:31,0
DA:32,0
DA:35,0
DA:37,0
DA:38,0
DA:39,0
DA:40,0
DA:41,0
DA:46,0
DA:48,0
DA:50,0
DA:51,0
LF:22
LH:0
end_of_record
TN:
SF:lib/ui/pages/scan_qr/scan_qr_presentation_model.dart
FNF:0
FNH:0
DA:8,0
DA:14,0
LF:2
LH:0
end_of_record
TN:
SF:lib/ui/pages/scan_qr/scan_qr_presenter.dart
FNF:0
FNH:0
DA:7,0
DA:16,0
DA:18,0
DA:20,0
DA:22,0
LF:5
LH:0
end_of_record
TN:
SF:lib/ui/pages/scan_qr/widgets/cosmos_qr_view.dart
FNF:0
FNH:0
DA:12,0
DA:17,0
DA:23,0
DA:24,0
DA:26,0
DA:28,0
DA:30,0
DA:31,0
DA:32,0
DA:40,0
DA:42,0
DA:43,0
DA:45,0
DA:46,0
DA:47,0
DA:48,0
DA:50,0
DA:51,0
DA:52,0
DA:53,0
DA:54,0
DA:55,0
DA:58,0
DA:59,0
DA:60,0
DA:61,0
DA:62,0
DA:63,0
DA:64,0
DA:66,0
DA:74,0
DA:75,0
DA:76,0
DA:77,0
DA:78,0
DA:79,0
DA:80,0
DA:81,0
DA:82,0
DA:83,0
DA:84,0
DA:86,0
DA:87,0
DA:88,0
DA:89,0
DA:91,0
DA:93,0
DA:94,0
DA:95,0
DA:97,0
DA:108,0
DA:109,0
DA:110,0
DA:111,0
DA:113,0
DA:114,0
DA:117,0
DA:118,0
DA:119,0
DA:121,0
DA:126,0
DA:127,0
DA:128,0
DA:129,0
DA:130,0
DA:137,0
DA:138,0
DA:139,0
DA:141,0
DA:142,0
DA:143,0
DA:147,0
DA:149,0
DA:150,0
LF:74
LH:0
end_of_record
TN:
SF:lib/ui/pages/send_tokens/balance_selector/balance_selector_initial_params.dart
FNF:0
FNH:0
DA:2,20
LF:1
LH:1
end_of_record
TN:
SF:lib/ui/pages/send_tokens/balance_selector/balance_selector_navigator.dart
FNF:0
FNH:0
DA:14,0
DA:23,0
DA:24,0
DA:26,0
DA:27,0
DA:28,0
LF:6
LH:0
end_of_record
TN:
SF:lib/ui/pages/send_tokens/balance_selector/balance_selector_page.dart
FNF:0
FNH:0
DA:8,0
DA:11,0
DA:15,0
DA:16,0
DA:18,0
DA:20,0
DA:21,0
DA:26,0
DA:28,0
DA:30,0
DA:32,0
DA:33,0
DA:36,0
DA:38,0
DA:39,0
DA:40,0
DA:44,0
DA:46,0
DA:48,0
DA:49,0
LF:20
LH:0
end_of_record
TN:
SF:lib/ui/pages/send_tokens/balance_selector/balance_selector_presentation_model.dart
FNF:0
FNH:0
DA:13,0
DA:25,0
DA:27,0
DA:29,0
DA:30,0
LF:5
LH:0
end_of_record
TN:
SF:lib/ui/pages/send_tokens/balance_selector/balance_selector_presenter.dart
FNF:0
FNH:0
DA:6,0
DA:14,0
DA:16,0
LF:3
LH:0
end_of_record
TN:
SF:lib/ui/pages/send_tokens/balance_selector/widgets/balance_selector_item_view.dart
FNF:0
FNH:0
DA:11,0
DA:15,0
DA:20,0
DA:22,0
DA:23,0
DA:25,0
DA:26,0
DA:27,0
DA:28,0
DA:29,0
DA:30,0
DA:31,0
DA:32,0
DA:34,0
DA:35,0
DA:37,0
DA:38,0
DA:40,0
DA:41,0
DA:42,0
DA:43,0
DA:45,0
DA:46,0
DA:50,0
DA:51,0
DA:52,0
DA:53,0
DA:55,0
DA:56,0
DA:58,0
DA:67,0
DA:69,0
DA:71,0
DA:72,0
DA:77,0
DA:85,0
DA:86,0
DA:87,0
DA:88,0
DA:89,0
DA:90,0
DA:91,0
DA:95,0
DA:96,0
DA:97,0
DA:98,0
DA:99,0
DA:100,0
LF:48
LH:0
end_of_record
TN:
SF:lib/ui/pages/send_tokens/balance_selector/widgets/balance_selector_list.dart
FNF:0
FNH:0
DA:11,0
DA:15,0
DA:22,0
DA:23,0
DA:25,0
DA:27,0
DA:28,0
DA:36,0
DA:37,0
DA:38,0
DA:39,0
DA:40,0
DA:45,0
DA:47,0
DA:48,0
DA:49,0
DA:52,0
DA:54,0
DA:55,0
DA:58,0
DA:59,0
DA:60,0
DA:62,0
DA:64,0
DA:65,0
DA:66,0
DA:67,0
DA:68,0
DA:70,0
DA:71,0
DA:75,0
DA:76,0
DA:77,0
DA:78,0
DA:84,0
DA:86,0
DA:87,0
DA:90,0
DA:91,0
DA:92,0
DA:98,0
DA:100,0
DA:101,0
DA:103,0
DA:104,0
DA:105,0
DA:106,0
DA:107,0
DA:109,0
DA:110,0
DA:111,0
DA:115,0
DA:122,0
DA:123,0
DA:125,0
DA:126,0
DA:127,0
DA:128,0
DA:129,0
DA:134,0
DA:135,0
DA:136,0
DA:137,0
DA:138,0
LF:64
LH:0
end_of_record
TN:
SF:lib/ui/pages/send_tokens/send_tokens_form_step.dart
FNF:0
FNH:0
DA:1,20
LF:1
LH:1
end_of_record
TN:
SF:lib/ui/pages/send_tokens/send_tokens_initial_params.dart
FNF:0
FNH:0
DA:5,1
LF:1
LH:1
end_of_record
TN:
SF:lib/ui/pages/send_tokens/send_tokens_navigator.dart
FNF:0
FNH:0
DA:14,1
DA:23,0
DA:24,0
DA:25,0
DA:26,0
LF:5
LH:1
end_of_record
TN:
SF:lib/ui/pages/send_tokens/send_tokens_page.dart
FNF:0
FNH:0
DA:15,1
DA:18,1
DA:22,1
DA:23,1
DA:25,0
DA:27,0
DA:28,0
DA:33,3
DA:35,3
DA:46,1
DA:48,1
DA:49,4
DA:50,6
DA:51,5
DA:52,5
DA:55,1
DA:57,2
DA:58,2
DA:59,1
DA:62,1
DA:64,1
DA:65,2
DA:66,1
DA:67,0
DA:68,1
DA:69,2
DA:70,2
DA:71,1
DA:72,1
DA:73,2
DA:76,1
DA:77,1
DA:78,1
DA:80,2
DA:82,2
DA:84,1
DA:85,3
DA:86,1
DA:87,2
DA:88,2
DA:89,1
DA:90,1
DA:91,2
DA:92,1
DA:93,1
DA:94,2
DA:95,2
DA:96,2
DA:97,2
DA:98,2
DA:99,2
DA:100,4
DA:103,1
DA:104,2
DA:105,1
DA:106,2
DA:107,2
DA:108,2
DA:109,2
DA:110,2
DA:111,2
DA:112,2
DA:113,2
DA:114,2
DA:115,4
DA:116,2
DA:117,2
DA:118,2
DA:119,2
DA:120,2
DA:123,1
DA:124,2
DA:125,4
DA:138,0
DA:140,0
DA:142,0
DA:143,0
LF:77
LH:69
end_of_record
TN:
SF:lib/ui/pages/send_tokens/send_tokens_presentation_model.dart
FNF:0
FNH:0
DA:66,1
DA:72,6
DA:73,2
DA:74,1
DA:75,1
DA:77,4
DA:78,3
DA:89,1
DA:90,2
DA:92,1
DA:94,1
DA:95,1
DA:96,2
DA:97,1
DA:98,2
DA:99,1
DA:100,2
DA:104,1
DA:105,2
DA:107,1
DA:108,2
DA:110,0
DA:111,0
DA:113,1
DA:114,2
DA:116,1
DA:118,1
DA:119,1
DA:120,1
DA:121,1
DA:122,3
DA:123,1
DA:128,1
DA:129,2
DA:131,3
DA:133,4
DA:134,2
DA:135,0
DA:138,0
DA:139,0
DA:140,0
DA:144,0
DA:146,1
DA:147,2
DA:149,1
DA:150,2
DA:152,1
DA:154,2
DA:155,1
DA:156,3
DA:157,0
DA:158,0
DA:162,0
DA:164,0
DA:166,0
DA:167,0
DA:170,0
DA:171,0
DA:172,0
DA:173,0
DA:174,0
DA:175,0
DA:178,1
DA:180,1
DA:181,1
DA:182,2
DA:183,0
DA:184,0
DA:188,0
DA:190,1
DA:191,2
DA:193,1
DA:194,2
DA:196,3
DA:197,4
DA:198,2
DA:199,1
DA:201,1
DA:202,2
DA:204,1
DA:205,2
DA:207,1
DA:208,2
DA:210,3
DA:212,1
DA:213,1
DA:214,1
DA:215,3
DA:216,1
DA:217,3
DA:218,3
DA:219,2
DA:221,5
DA:224,3
DA:226,1
DA:227,2
DA:235,6
DA:240,0
DA:245,6
DA:250,0
DA:258,6
DA:264,0
DA:265,0
LF:103
LH:77
end_of_record
TN:
SF:lib/ui/pages/send_tokens/send_tokens_presenter.dart
FNF:0
FNH:0
DA:16,1
DA:28,2
DA:31,0
DA:33,0
DA:35,0
DA:36,0
DA:39,0
DA:41,0
DA:42,0
DA:43,0
DA:44,0
DA:46,0
DA:47,0
DA:49,0
DA:50,0
DA:56,0
DA:58,0
DA:59,0
DA:61,0
DA:63,0
DA:65,0
DA:67,0
DA:68,0
DA:69,0
DA:71,0
DA:73,0
DA:74,0
DA:75,0
DA:80,0
DA:82,0
DA:83,0
DA:84,0
DA:87,0
DA:93,0
DA:95,0
DA:97,0
DA:99,0
DA:100,0
DA:103,0
DA:104,0
DA:105,0
DA:106,0
DA:111,0
DA:112,0
LF:44
LH:2
end_of_record
TN:
SF:lib/ui/pages/send_tokens/widgets/amount_send_tokens_step.dart
FNF:0
FNH:0
DA:16,1
DA:34,1
DA:53,1
DA:54,1
DA:56,0
DA:58,0
DA:60,0
DA:61,0
DA:62,0
DA:63,0
DA:64,0
DA:65,0
DA:66,0
DA:67,0
DA:68,0
DA:69,0
DA:70,0
DA:71,0
DA:72,0
DA:73,0
DA:74,0
DA:75,0
DA:76,0
DA:82,1
DA:84,1
DA:85,1
DA:86,1
DA:87,1
DA:89,1
DA:90,1
DA:91,1
DA:92,1
DA:93,2
DA:94,1
DA:96,1
DA:97,1
DA:98,1
DA:99,2
DA:100,1
DA:101,1
DA:102,2
DA:104,1
DA:105,2
DA:109,2
DA:110,1
DA:111,2
DA:112,1
DA:116,2
DA:117,1
DA:118,2
DA:121,2
DA:122,1
DA:125,1
DA:126,1
DA:127,1
DA:129,2
DA:130,2
DA:131,2
DA:134,1
DA:135,2
DA:136,1
DA:137,2
DA:138,2
DA:139,2
DA:143,2
DA:144,1
DA:145,2
DA:146,2
DA:147,2
DA:148,2
DA:150,2
DA:151,1
DA:152,2
DA:153,2
DA:154,2
DA:155,2
DA:162,1
DA:163,2
DA:164,1
DA:165,2
DA:166,2
DA:174,1
LF:82
LH:63
end_of_record
TN:
SF:lib/ui/pages/send_tokens/widgets/balance_selector_button.dart
FNF:0
FNH:0
DA:12,1
DA:18,1
DA:27,1
DA:29,1
DA:30,1
DA:32,1
DA:33,2
DA:34,1
DA:35,2
DA:36,1
DA:37,1
DA:38,1
DA:39,1
DA:40,1
DA:41,1
DA:43,1
DA:44,1
DA:45,4
DA:46,2
DA:47,1
DA:48,1
DA:50,1
DA:51,1
DA:53,1
DA:54,1
DA:55,3
DA:56,1
DA:58,1
DA:59,4
DA:60,1
DA:64,1
DA:66,1
DA:67,3
DA:68,6
DA:74,2
DA:75,3
DA:83,0
DA:85,0
DA:87,0
DA:88,0
DA:89,0
LF:41
LH:36
end_of_record
TN:
SF:lib/ui/pages/send_tokens/widgets/fee_level_box.dart
FNF:0
FNH:0
DA:10,0
DA:16,0
DA:23,0
DA:25,0
DA:27,0
DA:29,0
DA:30,0
DA:31,0
DA:33,0
DA:34,0
DA:35,0
DA:37,0
DA:39,0
DA:40,0
DA:41,0
DA:43,0
DA:44,0
DA:45,0
DA:46,0
DA:48,0
DA:49,0
DA:50,0
DA:59,0
DA:61,0
DA:63,0
DA:64,0
DA:65,0
DA:66,0
LF:28
LH:0
end_of_record
TN:
SF:lib/ui/pages/send_tokens/widgets/fee_price_levels_selector.dart
FNF:0
FNH:0
DA:9,1
DA:15,1
DA:22,1
DA:24,1
DA:25,1
DA:26,2
DA:27,0
DA:28,0
DA:29,0
DA:30,0
DA:31,0
DA:32,0
DA:34,0
DA:35,0
DA:40,1
DA:44,0
DA:46,0
DA:48,0
DA:49,0
DA:50,0
DA:51,0
LF:21
LH:7
end_of_record
TN:
SF:lib/ui/pages/send_tokens/widgets/fee_selection_section.dart
FNF:0
FNH:0
DA:13,1
DA:19,1
DA:26,1
DA:27,1
DA:29,0
DA:31,0
DA:33,0
DA:34,0
DA:35,0
DA:36,0
DA:43,7
DA:45,1
DA:47,1
DA:48,1
DA:49,1
DA:50,1
DA:51,0
DA:52,1
DA:53,1
DA:54,1
DA:56,1
DA:57,1
DA:58,1
DA:59,2
DA:60,1
DA:63,2
DA:64,2
DA:65,2
DA:67,2
DA:72,1
DA:73,1
DA:74,1
DA:76,1
DA:77,2
DA:78,1
DA:80,1
DA:81,3
DA:82,2
DA:85,2
DA:86,1
DA:87,2
DA:88,2
DA:89,3
DA:90,2
LF:44
LH:37
end_of_record
TN:
SF:lib/ui/pages/send_tokens/widgets/recipient_send_tokens_step.dart
FNF:0
FNH:0
DA:7,1
DA:18,1
DA:30,1
DA:31,1
DA:33,0
DA:35,0
DA:37,0
DA:38,0
DA:39,0
DA:40,0
DA:41,0
DA:42,0
DA:43,0
DA:44,0
DA:45,0
DA:50,1
DA:52,1
DA:53,1
DA:54,1
DA:55,1
DA:56,2
DA:57,1
DA:59,1
DA:60,1
DA:61,1
DA:62,1
DA:64,1
DA:65,1
DA:67,1
DA:68,3
DA:69,1
DA:71,2
DA:75,1
DA:76,1
DA:77,1
DA:78,1
DA:79,2
DA:80,3
DA:81,2
DA:82,2
DA:85,1
DA:86,1
DA:88,1
DA:89,2
DA:90,2
DA:92,1
DA:93,2
DA:94,2
DA:98,2
DA:99,3
DA:100,1
DA:101,2
DA:102,2
DA:103,2
DA:105,2
DA:106,1
DA:107,2
DA:108,2
DA:109,2
DA:115,2
DA:116,1
DA:117,2
DA:118,2
DA:126,1
LF:64
LH:53
end_of_record
TN:
SF:lib/ui/pages/send_tokens/widgets/review_amount_with_denom.dart
FNF:0
FNH:0
DA:9,1
DA:14,1
DA:20,1
DA:22,1
DA:24,1
DA:25,1
DA:26,3
DA:27,1
DA:29,1
DA:30,2
DA:31,1
DA:37,0
DA:39,0
DA:41,0
DA:42,0
DA:43,0
LF:16
LH:11
end_of_record
TN:
SF:lib/ui/pages/send_tokens/widgets/review_send_tokens_step.dart
FNF:0
FNH:0
DA:10,1
DA:14,1
DA:19,1
DA:21,1
DA:22,1
DA:23,2
DA:24,1
DA:26,1
DA:27,1
DA:28,1
DA:29,1
DA:30,1
DA:31,1
DA:32,3
DA:34,1
DA:36,1
DA:37,2
DA:38,1
DA:39,2
DA:40,1
DA:41,2
DA:42,2
DA:43,2
DA:47,1
DA:48,2
DA:49,4
DA:50,4
DA:53,1
DA:54,2
DA:55,3
DA:58,1
DA:59,2
DA:60,1
DA:61,2
DA:62,2
DA:63,2
DA:67,1
DA:68,2
DA:69,4
DA:70,4
DA:72,2
DA:78,1
DA:79,2
DA:80,1
DA:87,0
DA:89,0
DA:91,0
DA:92,0
LF:48
LH:44
end_of_record
TN:
SF:lib/ui/pages/send_tokens/widgets/review_table_row.dart
FNF:0
FNH:0
DA:8,1
DA:13,1
DA:19,1
DA:20,1
DA:22,0
DA:24,0
DA:25,0
DA:32,1
DA:34,1
DA:35,1
DA:36,1
DA:37,1
DA:38,1
DA:40,1
DA:42,1
DA:43,1
DA:44,3
DA:45,1
DA:46,1
DA:47,1
DA:48,2
DA:49,1
DA:52,3
DA:53,4
DA:57,2
DA:58,1
DA:59,1
DA:60,1
DA:61,2
DA:62,2
DA:70,0
LF:31
LH:27
end_of_record
TN:
SF:lib/ui/pages/send_tokens/widgets/send_tokens_wizard_form.dart
FNF:0
FNH:0
DA:8,1
DA:13,4
DA:16,1
DA:23,1
DA:24,1
DA:31,1
DA:33,1
DA:34,5
DA:35,3
DA:38,0
DA:39,0
DA:40,0
DA:41,0
DA:42,0
DA:46,0
DA:48,0
DA:49,0
DA:50,0
DA:51,0
DA:58,1
DA:60,1
DA:62,1
DA:64,2
DA:68,0
DA:70,0
DA:71,0
LF:26
LH:13
end_of_record
TN:
SF:lib/ui/pages/settings/settings_initial_params.dart
FNF:0
FNH:0
DA:2,21
LF:1
LH:1
end_of_record
TN:
SF:lib/ui/pages/settings/settings_navigator.dart
FNF:0
FNH:0
DA:10,1
DA:19,0
DA:20,0
DA:21,0
DA:22,0
LF:5
LH:1
end_of_record
TN:
SF:lib/ui/pages/settings/settings_page.dart
FNF:0
FNH:0
DA:12,1
DA:15,1
DA:18,1
DA:19,1
DA:21,0
DA:23,0
DA:24,0
DA:29,3
DA:31,0
DA:33,1
DA:35,1
DA:36,4
DA:39,1
DA:41,1
DA:42,1
DA:43,1
DA:44,2
DA:49,1
DA:50,1
DA:51,1
DA:52,1
DA:53,1
DA:54,2
DA:55,1
DA:56,2
DA:57,1
DA:58,1
DA:59,2
DA:61,2
DA:62,1
DA:63,2
DA:64,1
DA:65,0
DA:67,2
DA:69,2
DA:70,1
DA:71,2
DA:72,1
DA:74,2
DA:76,2
DA:78,2
DA:79,1
DA:80,2
DA:81,1
DA:82,2
DA:84,1
DA:85,2
DA:86,1
DA:87,2
DA:89,1
DA:90,2
DA:91,1
DA:92,2
DA:94,2
DA:99,1
DA:100,2
DA:101,1
DA:102,2
DA:104,4
DA:105,2
DA:106,2
DA:109,2
DA:115,0
DA:117,0
DA:119,0
DA:120,0
LF:66
LH:57
end_of_record
TN:
SF:lib/ui/pages/settings/settings_presentation_model.dart
FNF:0
FNH:0
DA:10,1
DA:15,0
DA:16,0
LF:3
LH:1
end_of_record
TN:
SF:lib/ui/pages/settings/settings_presenter.dart
FNF:0
FNH:0
DA:8,1
DA:20,0
DA:22,0
DA:24,0
DA:26,0
DA:28,0
DA:30,0
DA:32,0
DA:34,0
DA:36,0
DA:39,0
LF:11
LH:1
end_of_record
TN:
SF:lib/ui/pages/transaction_summary_ui/mobile_transaction_summary_ui.dart
FNF:0
FNH:0
DA:8,0
DA:11,0
LF:2
LH:0
end_of_record
TN:
SF:lib/ui/widgets/bullet_point_message.dart
FNF:0
FNH:0
DA:7,1
DA:10,1
DA:14,1
DA:16,1
DA:17,1
DA:18,1
DA:19,1
DA:20,1
DA:22,4
DA:23,1
DA:24,1
DA:25,1
DA:28,3
DA:30,2
DA:31,1
DA:32,1
DA:33,1
DA:34,1
DA:42,0
DA:44,0
DA:45,0
LF:21
LH:18
end_of_record
TN:
SF:lib/ui/widgets/denom_icon.dart
FNF:0
FNH:0
DA:5,1
DA:8,1
DA:12,1
DA:18,0
DA:20,0
DA:21,0
LF:6
LH:3
end_of_record
TN:
SF:lib/ui/widgets/emeris_gradient_avatar.dart
FNF:0
FNH:0
DA:6,1
DA:11,1
DA:17,1
DA:19,1
DA:20,3
DA:21,1
DA:23,1
DA:24,1
DA:25,4
DA:31,0
DA:33,0
DA:35,0
DA:36,0
DA:37,0
LF:14
LH:9
end_of_record
TN:
SF:lib/ui/widgets/emeris_logo_app_bar.dart
FNF:0
FNH:0
DA:6,60
DA:8,2
DA:10,2
DA:13,2
DA:15,2
DA:17,6
DA:18,6
DA:24,2
LF:8
LH:8
end_of_record
TN:
SF:lib/ui/widgets/expanded_indicator.dart
FNF:0
FNH:0
DA:6,1
DA:9,1
DA:13,1
DA:15,1
DA:16,1
DA:22,0
DA:24,0
DA:25,0
LF:8
LH:5
end_of_record
TN:
SF:lib/ui/widgets/passcode_text_field.dart
FNF:0
FNH:0
DA:7,0
DA:13,0
DA:20,0
DA:21,0
DA:23,0
DA:25,0
DA:27,0
DA:28,0
DA:29,0
DA:30,0
DA:38,0
DA:39,0
DA:40,0
DA:41,0
DA:45,0
DA:47,0
DA:48,0
DA:49,0
DA:50,0
DA:53,0
DA:55,0
DA:56,0
DA:57,0
DA:61,0
DA:63,0
DA:64,0
DA:65,0
DA:66,0
DA:67,0
DA:68,0
DA:69,0
DA:70,0
DA:72,0
DA:73,0
DA:74,0
DA:75,0
DA:76,0
DA:82,0
LF:38
LH:0
end_of_record
TN:
SF:lib/ui/widgets/selectable_card.dart
FNF:0
FNH:0
DA:4,0
DA:6,0
DA:8,0
LF:3
LH:0
end_of_record
TN:
SF:lib/ui/widgets/share_button.dart
FNF:0
FNH:0
DA:10,0
DA:13,0
DA:17,0
DA:19,0
DA:20,0
DA:21,0
DA:22,0
DA:23,0
DA:26,0
DA:31,0
DA:33,0
DA:34,0
LF:12
LH:0
end_of_record
TN:
SF:lib/ui/widgets/text_in_circle.dart
FNF:0
FNH:0
DA:6,0
DA:9,0
DA:12,0
DA:14,0
DA:25,0
DA:27,0
DA:30,0
DA:32,0
DA:34,0
DA:40,0
DA:42,0
DA:43,0
LF:12
LH:0
end_of_record
TN:
SF:lib/utils/app_initializer.dart
FNF:0
FNH:0
DA:8,0
DA:22,0
DA:23,0
DA:24,0
DA:25,0
DA:26,0
DA:27,0
LF:7
LH:0
end_of_record
TN:
SF:lib/utils/app_restarter.dart
FNF:0
FNH:0
DA:7,2
DA:10,0
DA:12,0
DA:13,0
DA:14,0
DA:16,0
DA:22,0
DA:24,0
DA:25,0
LF:9
LH:1
end_of_record
TN:
SF:lib/utils/clipboard_manager.dart
FNF:0
FNH:0
DA:8,0
DA:10,0
DA:11,0
DA:13,0
DA:14,0
DA:18,0
DA:20,0
DA:21,0
DA:23,0
DA:24,0
LF:10
LH:0
end_of_record
TN:
SF:lib/utils/debug/blockchain_environment.dart
FNF:0
FNH:0
DA:4,4
DA:14,0
DA:15,0
DA:17,0
DA:19,0
DA:35,4
DA:36,0
DA:46,4
DA:47,0
DA:57,4
DA:58,0
LF:11
LH:4
end_of_record
TN:
SF:lib/utils/debug/debug_configurator.dart
FNF:0
FNH:0
DA:7,0
DA:9,0
DA:11,0
DA:12,0
DA:23,0
DA:24,0
DA:25,0
DA:26,0
DA:27,0
DA:28,0
DA:29,0
DA:30,0
DA:34,0
DA:35,0
DA:36,0
DA:37,0
DA:38,0
DA:39,0
DA:40,0
LF:19
LH:0
end_of_record
TN:
SF:lib/utils/debug/debug_configurator_view.dart
FNF:0
FNH:0
DA:14,2
DA:16,0
DA:17,0
DA:18,0
DA:19,0
DA:23,0
DA:24,0
DA:33,0
DA:35,0
DA:36,0
DA:37,0
DA:38,0
DA:39,0
DA:42,0
DA:44,0
DA:45,0
DA:46,0
DA:47,0
DA:48,0
DA:49,0
DA:51,0
DA:53,0
DA:60,0
DA:61,0
DA:63,0
DA:70,0
DA:71,0
DA:74,0
DA:76,0
DA:78,0
DA:79,0
DA:81,0
DA:83,0
DA:92,0
DA:98,0
DA:99,0
DA:100,0
DA:102,0
DA:104,0
DA:105,0
DA:107,0
DA:110,0
DA:117,0
DA:118,0
DA:119,0
DA:120,0
DA:121,0
DA:122,0
DA:123,0
DA:124,0
DA:127,0
DA:130,0
DA:131,0
DA:133,0
DA:134,0
DA:136,0
DA:137,0
DA:138,0
DA:139,0
LF:59
LH:1
end_of_record
TN:
SF:lib/utils/debug/emeris_api_environment.dart
FNF:0
FNH:0
DA:4,42
DA:8,0
DA:9,0
DA:11,0
DA:13,0
DA:26,42
DA:27,0
DA:34,22
DA:35,0
DA:42,22
DA:43,0
LF:11
LH:4
end_of_record
TN:
SF:lib/utils/mobx_aware_text_controller.dart
FNF:0
FNH:0
DA:5,1
DA:7,2
DA:8,1
DA:9,2
DA:10,0
DA:11,0
DA:12,0
LF:7
LH:4
end_of_record
TN:
SF:lib/utils/price_converter.dart
FNF:0
FNH:0
DA:10,20
DA:16,2
DA:18,6
DA:20,3
DA:22,3
DA:24,3
DA:26,3
DA:27,2
DA:28,3
DA:29,2
DA:31,1
DA:33,1
DA:34,1
DA:35,1
DA:37,1
DA:42,3
DA:44,1
DA:45,1
DA:46,1
DA:47,3
DA:48,1
DA:49,7
DA:53,4
DA:55,0
DA:57,1
DA:59,1
DA:60,4
DA:61,1
DA:62,5
DA:66,0
DA:67,0
DA:68,0
DA:69,0
DA:70,0
DA:71,0
DA:74,3
DA:75,4
DA:76,6
DA:77,1
DA:79,3
DA:80,2
DA:81,2
DA:82,1
DA:89,6
LF:44
LH:37
end_of_record
TN:
SF:lib/utils/prices_formatter.dart
FNF:0
FNH:0
DA:5,2
DA:6,2
DA:7,8
DA:8,2
LF:4
LH:4
end_of_record
TN:
SF:lib/utils/share_manager.dart
FNF:0
FNH:0
DA:8,0
DA:10,0
DA:11,0
DA:13,0
DA:14,0
DA:15,0
DA:18,0
DA:20,0
DA:21,0
LF:9
LH:0
end_of_record
TN:
SF:lib/utils/strings.dart
FNF:0
FNH:0
DA:4,8
DA:7,0
DA:11,0
DA:12,0
LF:4
LH:1
end_of_record
TN:
SF:lib/utils/task_scheduler.dart
FNF:0
FNH:0
DA:4,0
DA:5,0
DA:6,0
LF:3
LH:0
end_of_record
TN:
SF:lib/utils/utils.dart
FNF:0
FNH:0
DA:7,1
DA:11,2
DA:13,0
DA:17,0
DA:19,0
DA:20,0
DA:21,0
DA:25,1
LF:8
LH:3
end_of_record
